

Processing NetworkTestController#index (for 127.0.0.1 at 2008-02-01 08:16:00) [GET]
  Session ID: 61f03a2417a98548f8b9ec962e0ebfbb
  Parameters: {"action"=>"index", "controller"=>"network_test"}
Rendering network_test/index
Completed in 0.00568 (176 reqs/sec) | Rendering: 0.00226 (39%) | DB: 0.00000 (0%) | 200 OK [http://cab.elevatedrails.com/]


Processing NetworkTestController#index (for 127.0.0.1 at 2008-02-01 08:16:15) [GET]
  Session ID: BAh7BiIKZmxhc2hJQzonQWN0aW9uQ29udHJvbGxlcjo6Rmxhc2g6OkZsYXNo%0ASGFzaHsABjoKQHVzZWR7AA%3D%3D--6fb9f7b5f7c81be89ae08646315411c783906aba
  Parameters: {"action"=>"index", "controller"=>"network_test"}
Rendering network_test/index
Completed in 0.00540 (185 reqs/sec) | Rendering: 0.00205 (37%) | DB: 0.00000 (0%) | 200 OK [http://cab.elevatedrails.com/]


Processing NetworkTestController#index (for 127.0.0.1 at 2008-02-01 08:17:26) [GET]
  Session ID: BAh7BiIKZmxhc2hJQzonQWN0aW9uQ29udHJvbGxlcjo6Rmxhc2g6OkZsYXNo%0ASGFzaHsABjoKQHVzZWR7AA%3D%3D--6fb9f7b5f7c81be89ae08646315411c783906aba
  Parameters: {"action"=>"index", "controller"=>"network_test"}
Rendering network_test/index
Completed in 0.00502 (199 reqs/sec) | Rendering: 0.00234 (46%) | DB: 0.00000 (0%) | 200 OK [http://cab.elevatedrails.com/]


Processing NetworkTestController#index (for 127.0.0.1 at 2008-02-01 08:17:47) [GET]
  Session ID: BAh7BiIKZmxhc2hJQzonQWN0aW9uQ29udHJvbGxlcjo6Rmxhc2g6OkZsYXNo%0ASGFzaHsABjoKQHVzZWR7AA%3D%3D--6fb9f7b5f7c81be89ae08646315411c783906aba
  Parameters: {"action"=>"index", "controller"=>"network_test"}
Rendering network_test/index
Completed in 0.00479 (208 reqs/sec) | Rendering: 0.00198 (41%) | DB: 0.00000 (0%) | 200 OK [http://cab.elevatedrails.com/]


Processing NetworkTestController#index (for 127.0.0.1 at 2008-02-01 08:17:51) [GET]
  Session ID: BAh7BiIKZmxhc2hJQzonQWN0aW9uQ29udHJvbGxlcjo6Rmxhc2g6OkZsYXNo%0ASGFzaHsABjoKQHVzZWR7AA%3D%3D--6fb9f7b5f7c81be89ae08646315411c783906aba
  Parameters: {"action"=>"index", "controller"=>"network_test"}
Rendering network_test/index
Completed in 0.00325 (307 reqs/sec) | Rendering: 0.00085 (26%) | DB: 0.00000 (0%) | 200 OK [http://cab.elevatedrails.com/]


Processing NetworkTestController#index (for 127.0.0.1 at 2008-02-01 08:17:54) [GET]
  Session ID: BAh7BiIKZmxhc2hJQzonQWN0aW9uQ29udHJvbGxlcjo6Rmxhc2g6OkZsYXNo%0ASGFzaHsABjoKQHVzZWR7AA%3D%3D--6fb9f7b5f7c81be89ae08646315411c783906aba
  Parameters: {"action"=>"index", "controller"=>"network_test"}
Rendering network_test/index
Completed in 0.00332 (301 reqs/sec) | Rendering: 0.00087 (26%) | DB: 0.00000 (0%) | 200 OK [http://cab.elevatedrails.com/]


Processing NetworkTestController#index (for 127.0.0.1 at 2008-02-01 08:18:05) [GET]
  Session ID: BAh7BiIKZmxhc2hJQzonQWN0aW9uQ29udHJvbGxlcjo6Rmxhc2g6OkZsYXNo%0ASGFzaHsABjoKQHVzZWR7AA%3D%3D--6fb9f7b5f7c81be89ae08646315411c783906aba
  Parameters: {"action"=>"index", "controller"=>"network_test"}
Rendering network_test/index
Completed in 0.00397 (252 reqs/sec) | Rendering: 0.00137 (34%) | DB: 0.00000 (0%) | 200 OK [http://cab.elevatedrails.com/]


Processing NetworkTestController#index (for 127.0.0.1 at 2008-02-01 08:18:08) [GET]
  Session ID: 1d24e989331de4792c03eae5-12451752
  Parameters: {"fb_sig_time"=>"1201875487.771", "fb_sig"=>"8a811b008b2b61d4ef709253ea6de9c6", "_method"=>"GET", "action"=>"index", "fb_sig_session_key"=>"1d24e989331de4792c03eae5-12451752", "fb_sig_position_fix"=>"1", "fb_sig_in_canvas"=>"1", "fb_sig_request_method"=>"GET", "controller"=>"network_test", "fb_sig_expires"=>"0", "fb_sig_friends"=>"714004,1901714,1947244,1950878,2200981,2221404,2901186,8842239,9507801,9805679,12415699,12447608,12459071,13741672,20923062,506794518,531100365,531586166,533299745,534619901,537281555,539250231,539693267,563710619,566955936,576951428,591790989,605643681,620122945,628290162,651202640,674447519,692474489,740192698,745267875,746969550,763868412,809827607,860325303", "fb_sig_added"=>"1", "fb_sig_api_key"=>"e34ec276c93b8b443fd15691c57908c5", "fb_sig_profile_update_time"=>"1201448855", "fb_sig_user"=>"12451752"}


ActionController::UnknownAction (No action responded to index):
    /opt/local/lib/ruby/gems/1.8/gems/actionpack-2.0.2/lib/action_controller/filters.rb:697:in `call_filters'
    /opt/local/lib/ruby/gems/1.8/gems/actionpack-2.0.2/lib/action_controller/filters.rb:689:in `perform_action_without_benchmark'
    /opt/local/lib/ruby/gems/1.8/gems/actionpack-2.0.2/lib/action_controller/benchmarking.rb:68:in `perform_action_without_rescue'
    /opt/local/lib/ruby/1.8/benchmark.rb:293:in `measure'
    /opt/local/lib/ruby/gems/1.8/gems/actionpack-2.0.2/lib/action_controller/benchmarking.rb:68:in `perform_action_without_rescue'
    /opt/local/lib/ruby/gems/1.8/gems/actionpack-2.0.2/lib/action_controller/rescue.rb:199:in `perform_action_without_caching'
    /opt/local/lib/ruby/gems/1.8/gems/actionpack-2.0.2/lib/action_controller/caching.rb:678:in `perform_action'
    /opt/local/lib/ruby/gems/1.8/gems/activerecord-2.0.2/lib/active_record/connection_adapters/abstract/query_cache.rb:33:in `cache'
    /opt/local/lib/ruby/gems/1.8/gems/activerecord-2.0.2/lib/active_record/query_cache.rb:8:in `cache'
    /opt/local/lib/ruby/gems/1.8/gems/actionpack-2.0.2/lib/action_controller/caching.rb:677:in `perform_action'
    /opt/local/lib/ruby/gems/1.8/gems/actionpack-2.0.2/lib/action_controller/base.rb:524:in `send'
    /opt/local/lib/ruby/gems/1.8/gems/actionpack-2.0.2/lib/action_controller/base.rb:524:in `process_without_filters'
    /opt/local/lib/ruby/gems/1.8/gems/actionpack-2.0.2/lib/action_controller/filters.rb:685:in `process_without_session_management_support'
    /opt/local/lib/ruby/gems/1.8/gems/actionpack-2.0.2/lib/action_controller/session_management.rb:123:in `process'
    /opt/local/lib/ruby/gems/1.8/gems/actionpack-2.0.2/lib/action_controller/base.rb:388:in `process'
    /opt/local/lib/ruby/gems/1.8/gems/actionpack-2.0.2/lib/action_controller/dispatcher.rb:171:in `handle_request'
    /opt/local/lib/ruby/gems/1.8/gems/actionpack-2.0.2/lib/action_controller/dispatcher.rb:115:in `dispatch'
    /opt/local/lib/ruby/gems/1.8/gems/actionpack-2.0.2/lib/action_controller/dispatcher.rb:126:in `dispatch_cgi'
    /opt/local/lib/ruby/gems/1.8/gems/actionpack-2.0.2/lib/action_controller/dispatcher.rb:9:in `dispatch'
    /opt/local/lib/ruby/gems/1.8/gems/mongrel-1.0.1/lib/mongrel/rails.rb:78:in `process'
    /opt/local/lib/ruby/gems/1.8/gems/mongrel-1.0.1/lib/mongrel/rails.rb:76:in `synchronize'
    /opt/local/lib/ruby/gems/1.8/gems/mongrel-1.0.1/lib/mongrel/rails.rb:76:in `process'
    /opt/local/lib/ruby/gems/1.8/gems/mongrel-1.0.1/lib/mongrel.rb:618:in `process_client'
    /opt/local/lib/ruby/gems/1.8/gems/mongrel-1.0.1/lib/mongrel.rb:617:in `each'
    /opt/local/lib/ruby/gems/1.8/gems/mongrel-1.0.1/lib/mongrel.rb:617:in `process_client'
    /opt/local/lib/ruby/gems/1.8/gems/mongrel-1.0.1/lib/mongrel.rb:736:in `run'
    /opt/local/lib/ruby/gems/1.8/gems/mongrel-1.0.1/lib/mongrel.rb:736:in `initialize'
    /opt/local/lib/ruby/gems/1.8/gems/mongrel-1.0.1/lib/mongrel.rb:736:in `new'
    /opt/local/lib/ruby/gems/1.8/gems/mongrel-1.0.1/lib/mongrel.rb:736:in `run'
    /opt/local/lib/ruby/gems/1.8/gems/mongrel-1.0.1/lib/mongrel.rb:720:in `initialize'
    /opt/local/lib/ruby/gems/1.8/gems/mongrel-1.0.1/lib/mongrel.rb:720:in `new'
    /opt/local/lib/ruby/gems/1.8/gems/mongrel-1.0.1/lib/mongrel.rb:720:in `run'
    /opt/local/lib/ruby/gems/1.8/gems/mongrel-1.0.1/lib/mongrel/configurator.rb:271:in `run'
    /opt/local/lib/ruby/gems/1.8/gems/mongrel-1.0.1/lib/mongrel/configurator.rb:270:in `each'
    /opt/local/lib/ruby/gems/1.8/gems/mongrel-1.0.1/lib/mongrel/configurator.rb:270:in `run'
    /opt/local/lib/ruby/gems/1.8/gems/mongrel-1.0.1/bin/mongrel_rails:127:in `run'
    /opt/local/lib/ruby/gems/1.8/gems/mongrel-1.0.1/lib/mongrel/command.rb:211:in `run'
    /opt/local/lib/ruby/gems/1.8/gems/mongrel-1.0.1/bin/mongrel_rails:243
    /opt/local/lib/ruby/gems/1.8/gems/activesupport-2.0.2/lib/active_support/dependencies.rb:489:in `load'
    /opt/local/lib/ruby/gems/1.8/gems/activesupport-2.0.2/lib/active_support/dependencies.rb:489:in `load'
    /opt/local/lib/ruby/gems/1.8/gems/activesupport-2.0.2/lib/active_support/dependencies.rb:342:in `new_constants_in'
    /opt/local/lib/ruby/gems/1.8/gems/activesupport-2.0.2/lib/active_support/dependencies.rb:489:in `load'
    /opt/local/lib/ruby/gems/1.8/gems/rails-2.0.2/lib/commands/servers/mongrel.rb:64
    /opt/local/lib/ruby/site_ruby/1.8/rubygems/custom_require.rb:27:in `gem_original_require'
    /opt/local/lib/ruby/site_ruby/1.8/rubygems/custom_require.rb:27:in `require'
    /opt/local/lib/ruby/gems/1.8/gems/activesupport-2.0.2/lib/active_support/dependencies.rb:496:in `require'
    /opt/local/lib/ruby/gems/1.8/gems/activesupport-2.0.2/lib/active_support/dependencies.rb:342:in `new_constants_in'
    /opt/local/lib/ruby/gems/1.8/gems/activesupport-2.0.2/lib/active_support/dependencies.rb:496:in `require'
    /opt/local/lib/ruby/gems/1.8/gems/rails-2.0.2/lib/commands/server.rb:39
    /opt/local/lib/ruby/site_ruby/1.8/rubygems/custom_require.rb:27:in `gem_original_require'
    /opt/local/lib/ruby/site_ruby/1.8/rubygems/custom_require.rb:27:in `require'
    script/server:3

Rendering /opt/local/lib/ruby/gems/1.8/gems/actionpack-2.0.2/lib/action_controller/templates/rescues/layout.erb (not_found)


Processing NetworkTestController#index (for 127.0.0.1 at 2008-02-01 08:22:42) [GET]
  Session ID: 1d24e989331de4792c03eae5-12451752
  Parameters: {"fb_sig_time"=>"1201875761.199", "fb_sig"=>"799a22b316baf17e28ef9040349266fb", "_method"=>"GET", "action"=>"index", "fb_sig_session_key"=>"1d24e989331de4792c03eae5-12451752", "fb_sig_position_fix"=>"1", "fb_sig_in_canvas"=>"1", "fb_sig_request_method"=>"GET", "controller"=>"network_test", "fb_sig_expires"=>"0", "fb_sig_friends"=>"714004,1901714,1947244,1950878,2200981,2221404,2901186,8842239,9507801,9805679,12415699,12447608,12459071,13741672,20923062,506794518,531100365,531586166,533299745,534619901,537281555,539250231,539693267,563710619,566955936,576951428,591790989,605643681,620122945,628290162,651202640,674447519,692474489,740192698,745267875,746969550,763868412,809827607,860325303", "fb_sig_added"=>"1", "fb_sig_api_key"=>"e34ec276c93b8b443fd15691c57908c5", "fb_sig_profile_update_time"=>"1201448855", "fb_sig_user"=>"12451752"}
Rendering network_test/index


ActionView::TemplateError (You have a nil object when you didn't expect it!
The error occurred while evaluating nil.call) on line #2 of network_test/index.fbml.erb:
1: <fb:fbml version="1.1">
2: <%= fb_dashboard%>
3: <h1>Hello from Facebook!</h1>
4: <p>
5:   If you see this message, your Facebook Platform setup is correct. 

    /opt/local/lib/ruby/gems/1.8/gems/actionpack-2.0.2/lib/action_view/helpers/capture_helper.rb:132:in `capture_block'
    /opt/local/lib/ruby/gems/1.8/gems/actionpack-2.0.2/lib/action_view/helpers/capture_helper.rb:42:in `capture'
    vendor/plugins/facebooker/lib/facebooker/rails/helpers.rb:368:in `fb_dashboard'
    app/views/network_test/index.fbml.erb:2:in `_run_erb_47app47views47network_test47index46fbml46erb'
    /opt/local/lib/ruby/gems/1.8/gems/actionpack-2.0.2/lib/action_view/base.rb:637:in `send'
    /opt/local/lib/ruby/gems/1.8/gems/actionpack-2.0.2/lib/action_view/base.rb:637:in `compile_and_render_template'
    /opt/local/lib/ruby/gems/1.8/gems/actionpack-2.0.2/lib/action_view/base.rb:365:in `render_template'
    /opt/local/lib/ruby/gems/1.8/gems/actionpack-2.0.2/lib/action_view/base.rb:316:in `render_file'
    /opt/local/lib/ruby/gems/1.8/gems/actionpack-2.0.2/lib/action_controller/base.rb:1100:in `render_for_file'
    /opt/local/lib/ruby/gems/1.8/gems/actionpack-2.0.2/lib/action_controller/base.rb:836:in `render_with_no_layout'
    /opt/local/lib/ruby/gems/1.8/gems/actionpack-2.0.2/lib/action_controller/layout.rb:270:in `render_without_benchmark'
    /opt/local/lib/ruby/gems/1.8/gems/actionpack-2.0.2/lib/action_controller/benchmarking.rb:51:in `render'
    /opt/local/lib/ruby/1.8/benchmark.rb:293:in `measure'
    /opt/local/lib/ruby/gems/1.8/gems/actionpack-2.0.2/lib/action_controller/benchmarking.rb:51:in `render'
    /opt/local/lib/ruby/gems/1.8/gems/actionpack-2.0.2/lib/action_controller/base.rb:1153:in `default_render'
    /opt/local/lib/ruby/gems/1.8/gems/actionpack-2.0.2/lib/action_controller/base.rb:1164:in `perform_action_without_filters'
    /opt/local/lib/ruby/gems/1.8/gems/actionpack-2.0.2/lib/action_controller/filters.rb:697:in `call_filters'
    /opt/local/lib/ruby/gems/1.8/gems/actionpack-2.0.2/lib/action_controller/filters.rb:689:in `perform_action_without_benchmark'
    /opt/local/lib/ruby/gems/1.8/gems/actionpack-2.0.2/lib/action_controller/benchmarking.rb:68:in `perform_action_without_rescue'
    /opt/local/lib/ruby/1.8/benchmark.rb:293:in `measure'
    /opt/local/lib/ruby/gems/1.8/gems/actionpack-2.0.2/lib/action_controller/benchmarking.rb:68:in `perform_action_without_rescue'
    /opt/local/lib/ruby/gems/1.8/gems/actionpack-2.0.2/lib/action_controller/rescue.rb:199:in `perform_action_without_caching'
    /opt/local/lib/ruby/gems/1.8/gems/actionpack-2.0.2/lib/action_controller/caching.rb:678:in `perform_action'
    /opt/local/lib/ruby/gems/1.8/gems/activerecord-2.0.2/lib/active_record/connection_adapters/abstract/query_cache.rb:33:in `cache'
    /opt/local/lib/ruby/gems/1.8/gems/activerecord-2.0.2/lib/active_record/query_cache.rb:8:in `cache'
    /opt/local/lib/ruby/gems/1.8/gems/actionpack-2.0.2/lib/action_controller/caching.rb:677:in `perform_action'
    /opt/local/lib/ruby/gems/1.8/gems/actionpack-2.0.2/lib/action_controller/base.rb:524:in `send'
    /opt/local/lib/ruby/gems/1.8/gems/actionpack-2.0.2/lib/action_controller/base.rb:524:in `process_without_filters'
    /opt/local/lib/ruby/gems/1.8/gems/actionpack-2.0.2/lib/action_controller/filters.rb:685:in `process_without_session_management_support'
    /opt/local/lib/ruby/gems/1.8/gems/actionpack-2.0.2/lib/action_controller/session_management.rb:123:in `process'
    /opt/local/lib/ruby/gems/1.8/gems/actionpack-2.0.2/lib/action_controller/base.rb:388:in `process'
    /opt/local/lib/ruby/gems/1.8/gems/actionpack-2.0.2/lib/action_controller/dispatcher.rb:171:in `handle_request'
    /opt/local/lib/ruby/gems/1.8/gems/actionpack-2.0.2/lib/action_controller/dispatcher.rb:115:in `dispatch'
    /opt/local/lib/ruby/gems/1.8/gems/actionpack-2.0.2/lib/action_controller/dispatcher.rb:126:in `dispatch_cgi'
    /opt/local/lib/ruby/gems/1.8/gems/actionpack-2.0.2/lib/action_controller/dispatcher.rb:9:in `dispatch'
    /opt/local/lib/ruby/gems/1.8/gems/mongrel-1.0.1/lib/mongrel/rails.rb:78:in `process'
    /opt/local/lib/ruby/gems/1.8/gems/mongrel-1.0.1/lib/mongrel/rails.rb:76:in `synchronize'
    /opt/local/lib/ruby/gems/1.8/gems/mongrel-1.0.1/lib/mongrel/rails.rb:76:in `process'
    /opt/local/lib/ruby/gems/1.8/gems/mongrel-1.0.1/lib/mongrel.rb:618:in `process_client'
    /opt/local/lib/ruby/gems/1.8/gems/mongrel-1.0.1/lib/mongrel.rb:617:in `each'
    /opt/local/lib/ruby/gems/1.8/gems/mongrel-1.0.1/lib/mongrel.rb:617:in `process_client'
    /opt/local/lib/ruby/gems/1.8/gems/mongrel-1.0.1/lib/mongrel.rb:736:in `run'
    /opt/local/lib/ruby/gems/1.8/gems/mongrel-1.0.1/lib/mongrel.rb:736:in `initialize'
    /opt/local/lib/ruby/gems/1.8/gems/mongrel-1.0.1/lib/mongrel.rb:736:in `new'
    /opt/local/lib/ruby/gems/1.8/gems/mongrel-1.0.1/lib/mongrel.rb:736:in `run'
    /opt/local/lib/ruby/gems/1.8/gems/mongrel-1.0.1/lib/mongrel.rb:720:in `initialize'
    /opt/local/lib/ruby/gems/1.8/gems/mongrel-1.0.1/lib/mongrel.rb:720:in `new'
    /opt/local/lib/ruby/gems/1.8/gems/mongrel-1.0.1/lib/mongrel.rb:720:in `run'
    /opt/local/lib/ruby/gems/1.8/gems/mongrel-1.0.1/lib/mongrel/configurator.rb:271:in `run'
    /opt/local/lib/ruby/gems/1.8/gems/mongrel-1.0.1/lib/mongrel/configurator.rb:270:in `each'
    /opt/local/lib/ruby/gems/1.8/gems/mongrel-1.0.1/lib/mongrel/configurator.rb:270:in `run'
    /opt/local/lib/ruby/gems/1.8/gems/mongrel-1.0.1/bin/mongrel_rails:127:in `run'
    /opt/local/lib/ruby/gems/1.8/gems/mongrel-1.0.1/lib/mongrel/command.rb:211:in `run'
    /opt/local/lib/ruby/gems/1.8/gems/mongrel-1.0.1/bin/mongrel_rails:243
    /opt/local/lib/ruby/gems/1.8/gems/activesupport-2.0.2/lib/active_support/dependencies.rb:489:in `load'
    /opt/local/lib/ruby/gems/1.8/gems/activesupport-2.0.2/lib/active_support/dependencies.rb:489:in `load'
    /opt/local/lib/ruby/gems/1.8/gems/activesupport-2.0.2/lib/active_support/dependencies.rb:342:in `new_constants_in'
    /opt/local/lib/ruby/gems/1.8/gems/activesupport-2.0.2/lib/active_support/dependencies.rb:489:in `load'
    /opt/local/lib/ruby/gems/1.8/gems/rails-2.0.2/lib/commands/servers/mongrel.rb:64
    /opt/local/lib/ruby/site_ruby/1.8/rubygems/custom_require.rb:27:in `gem_original_require'
    /opt/local/lib/ruby/site_ruby/1.8/rubygems/custom_require.rb:27:in `require'
    /opt/local/lib/ruby/gems/1.8/gems/activesupport-2.0.2/lib/active_support/dependencies.rb:496:in `require'
    /opt/local/lib/ruby/gems/1.8/gems/activesupport-2.0.2/lib/active_support/dependencies.rb:342:in `new_constants_in'
    /opt/local/lib/ruby/gems/1.8/gems/activesupport-2.0.2/lib/active_support/dependencies.rb:496:in `require'
    /opt/local/lib/ruby/gems/1.8/gems/rails-2.0.2/lib/commands/server.rb:39
    /opt/local/lib/ruby/site_ruby/1.8/rubygems/custom_require.rb:27:in `gem_original_require'
    /opt/local/lib/ruby/site_ruby/1.8/rubygems/custom_require.rb:27:in `require'
    script/server:3

Rendering /opt/local/lib/ruby/gems/1.8/gems/actionpack-2.0.2/lib/action_controller/templates/rescues/layout.erb (internal_server_error)


Processing NetworkTestController#index (for 127.0.0.1 at 2008-02-01 08:23:07) [GET]
  Session ID: 1d24e989331de4792c03eae5-12451752
  Parameters: {"fb_sig_time"=>"1201875786.1706", "fb_sig"=>"39edb2d9d37d1b7680ed61d2ef0723e8", "_method"=>"GET", "action"=>"index", "fb_sig_session_key"=>"1d24e989331de4792c03eae5-12451752", "fb_sig_position_fix"=>"1", "fb_sig_in_canvas"=>"1", "fb_sig_request_method"=>"GET", "controller"=>"network_test", "fb_sig_expires"=>"0", "fb_sig_friends"=>"714004,1901714,1947244,1950878,2200981,2221404,2901186,8842239,9507801,9805679,12415699,12447608,12459071,13741672,20923062,506794518,531100365,531586166,533299745,534619901,537281555,539250231,539693267,563710619,566955936,576951428,591790989,605643681,620122945,628290162,651202640,674447519,692474489,740192698,745267875,746969550,763868412,809827607,860325303", "fb_sig_added"=>"1", "fb_sig_api_key"=>"e34ec276c93b8b443fd15691c57908c5", "fb_sig_profile_update_time"=>"1201448855", "fb_sig_user"=>"12451752"}
Rendering network_test/index
Completed in 0.00335 (298 reqs/sec) | Rendering: 0.00096 (28%) | DB: 0.00000 (0%) | 200 OK [http://cab.elevatedrails.com/]


Processing NetworkTestController#index (for 127.0.0.1 at 2008-02-01 08:23:28) [GET]
  Session ID: 1d24e989331de4792c03eae5-12451752
  Parameters: {"fb_sig_time"=>"1201875807.3319", "fb_sig"=>"79a74eb7944dc6764bc040bb4ecc0ca4", "_method"=>"GET", "action"=>"index", "fb_sig_session_key"=>"1d24e989331de4792c03eae5-12451752", "fb_sig_position_fix"=>"1", "fb_sig_in_canvas"=>"1", "fb_sig_request_method"=>"GET", "controller"=>"network_test", "fb_sig_expires"=>"0", "fb_sig_friends"=>"714004,1901714,1947244,1950878,2200981,2221404,2901186,8842239,9507801,9805679,12415699,12447608,12459071,13741672,20923062,506794518,531100365,531586166,533299745,534619901,537281555,539250231,539693267,563710619,566955936,576951428,591790989,605643681,620122945,628290162,651202640,674447519,692474489,740192698,745267875,746969550,763868412,809827607,860325303", "fb_sig_added"=>"1", "fb_sig_api_key"=>"e34ec276c93b8b443fd15691c57908c5", "fb_sig_profile_update_time"=>"1201448855", "fb_sig_user"=>"12451752"}
Rendering network_test/index
Completed in 0.00348 (287 reqs/sec) | Rendering: 0.00111 (31%) | DB: 0.00000 (0%) | 200 OK [http://cab.elevatedrails.com/]


Processing ApplicationController#index (for 127.0.0.1 at 2010-01-15 09:13:34) [GET]

ActionController::RoutingError (No route matches "/curated_categories" with {:canvas=>false, :method=>:get}):
  

Rendering /Users/mmangino/Downloads/code/network_test/vendor/plugins/facebooker/templates/layout.erb (200)


Processing NetworkTestController#index (for 127.0.0.1 at 2010-01-15 09:13:37) [GET]
Rendering network_test/index
Completed in 53ms (View: 52, DB: 0) | 200 OK [http://localhost/]
/!\ FAILSAFE /!\  Fri Jan 15 09:14:32 -0500 2010
  Status: 500 Internal Server Error
  undefined method `call' for nil:NilClass
    /opt/local/lib/ruby/gems/1.8/gems/activesupport-2.3.5/lib/active_support/whiny_nil.rb:52:in `method_missing'
    /Users/mmangino/Downloads/code/network_test/vendor/plugins/facebooker/lib/rack/facebook_session.rb:16:in `call'
    /opt/local/lib/ruby/gems/1.8/gems/actionpack-2.3.5/lib/action_controller/failsafe.rb:26:in `call'
    /opt/local/lib/ruby/gems/1.8/gems/rack-1.0.1/lib/rack/lock.rb:11:in `call'
    /opt/local/lib/ruby/gems/1.8/gems/rack-1.0.1/lib/rack/lock.rb:11:in `synchronize'
    /opt/local/lib/ruby/gems/1.8/gems/rack-1.0.1/lib/rack/lock.rb:11:in `call'
    /opt/local/lib/ruby/gems/1.8/gems/actionpack-2.3.5/lib/action_controller/dispatcher.rb:114:in `call'
    /opt/local/lib/ruby/gems/1.8/gems/actionpack-2.3.5/lib/action_controller/reloader.rb:34:in `run'
    /opt/local/lib/ruby/gems/1.8/gems/actionpack-2.3.5/lib/action_controller/dispatcher.rb:108:in `call'
    /opt/local/lib/ruby/gems/1.8/gems/rails-2.3.5/lib/rails/rack/static.rb:31:in `call'
    /opt/local/lib/ruby/gems/1.8/gems/rack-1.0.1/lib/rack/urlmap.rb:46:in `call'
    /opt/local/lib/ruby/gems/1.8/gems/rack-1.0.1/lib/rack/urlmap.rb:40:in `each'
    /opt/local/lib/ruby/gems/1.8/gems/rack-1.0.1/lib/rack/urlmap.rb:40:in `call'
    /opt/local/lib/ruby/gems/1.8/gems/rails-2.3.5/lib/rails/rack/log_tailer.rb:17:in `call'
    /opt/local/lib/ruby/gems/1.8/gems/rack-1.0.1/lib/rack/content_length.rb:13:in `call'
    /opt/local/lib/ruby/gems/1.8/gems/rack-1.0.1/lib/rack/chunked.rb:15:in `call'
    /opt/local/lib/ruby/gems/1.8/gems/rack-1.0.1/lib/rack/handler/mongrel.rb:64:in `process'
    /opt/local/lib/ruby/gems/1.8/gems/mongrel-1.1.5/lib/mongrel.rb:159:in `process_client'
    /opt/local/lib/ruby/gems/1.8/gems/mongrel-1.1.5/lib/mongrel.rb:158:in `each'
    /opt/local/lib/ruby/gems/1.8/gems/mongrel-1.1.5/lib/mongrel.rb:158:in `process_client'
    /opt/local/lib/ruby/gems/1.8/gems/mongrel-1.1.5/lib/mongrel.rb:285:in `run'
    /opt/local/lib/ruby/gems/1.8/gems/mongrel-1.1.5/lib/mongrel.rb:285:in `initialize'
    /opt/local/lib/ruby/gems/1.8/gems/mongrel-1.1.5/lib/mongrel.rb:285:in `new'
    /opt/local/lib/ruby/gems/1.8/gems/mongrel-1.1.5/lib/mongrel.rb:285:in `run'
    /opt/local/lib/ruby/gems/1.8/gems/mongrel-1.1.5/lib/mongrel.rb:268:in `initialize'
    /opt/local/lib/ruby/gems/1.8/gems/mongrel-1.1.5/lib/mongrel.rb:268:in `new'
    /opt/local/lib/ruby/gems/1.8/gems/mongrel-1.1.5/lib/mongrel.rb:268:in `run'
    /opt/local/lib/ruby/gems/1.8/gems/rack-1.0.1/lib/rack/handler/mongrel.rb:34:in `run'
    /opt/local/lib/ruby/gems/1.8/gems/rails-2.3.5/lib/commands/server.rb:111
    /opt/local/lib/ruby/site_ruby/1.8/rubygems/custom_require.rb:31:in `gem_original_require'
    /opt/local/lib/ruby/site_ruby/1.8/rubygems/custom_require.rb:31:in `require'
    script/server:3
/!\ FAILSAFE /!\  Fri Jan 15 09:22:11 -0500 2010
  Status: 500 Internal Server Error
  undefined method `call' for nil:NilClass
    /opt/local/lib/ruby/gems/1.8/gems/activesupport-2.3.5/lib/active_support/whiny_nil.rb:52:in `method_missing'
    /Users/mmangino/Downloads/code/network_test/vendor/plugins/facebooker/lib/rack/facebook_session.rb:17:in `call'
    /opt/local/lib/ruby/gems/1.8/gems/actionpack-2.3.5/lib/action_controller/failsafe.rb:26:in `call'
    /opt/local/lib/ruby/gems/1.8/gems/rack-1.0.1/lib/rack/lock.rb:11:in `call'
    /opt/local/lib/ruby/gems/1.8/gems/rack-1.0.1/lib/rack/lock.rb:11:in `synchronize'
    /opt/local/lib/ruby/gems/1.8/gems/rack-1.0.1/lib/rack/lock.rb:11:in `call'
    /opt/local/lib/ruby/gems/1.8/gems/actionpack-2.3.5/lib/action_controller/dispatcher.rb:114:in `call'
    /opt/local/lib/ruby/gems/1.8/gems/actionpack-2.3.5/lib/action_controller/reloader.rb:34:in `run'
    /opt/local/lib/ruby/gems/1.8/gems/actionpack-2.3.5/lib/action_controller/dispatcher.rb:108:in `call'
    /opt/local/lib/ruby/gems/1.8/gems/rails-2.3.5/lib/rails/rack/static.rb:31:in `call'
    /opt/local/lib/ruby/gems/1.8/gems/rack-1.0.1/lib/rack/urlmap.rb:46:in `call'
    /opt/local/lib/ruby/gems/1.8/gems/rack-1.0.1/lib/rack/urlmap.rb:40:in `each'
    /opt/local/lib/ruby/gems/1.8/gems/rack-1.0.1/lib/rack/urlmap.rb:40:in `call'
    /opt/local/lib/ruby/gems/1.8/gems/rails-2.3.5/lib/rails/rack/debugger.rb:19:in `call'
    /opt/local/lib/ruby/gems/1.8/gems/rails-2.3.5/lib/rails/rack/log_tailer.rb:17:in `call'
    /opt/local/lib/ruby/gems/1.8/gems/rack-1.0.1/lib/rack/content_length.rb:13:in `call'
    /opt/local/lib/ruby/gems/1.8/gems/rack-1.0.1/lib/rack/chunked.rb:15:in `call'
    /opt/local/lib/ruby/gems/1.8/gems/rack-1.0.1/lib/rack/handler/mongrel.rb:64:in `process'
    /opt/local/lib/ruby/gems/1.8/gems/mongrel-1.1.5/lib/mongrel.rb:159:in `process_client'
    /opt/local/lib/ruby/gems/1.8/gems/mongrel-1.1.5/lib/mongrel.rb:158:in `each'
    /opt/local/lib/ruby/gems/1.8/gems/mongrel-1.1.5/lib/mongrel.rb:158:in `process_client'
    /opt/local/lib/ruby/gems/1.8/gems/mongrel-1.1.5/lib/mongrel.rb:285:in `run'
    /opt/local/lib/ruby/gems/1.8/gems/mongrel-1.1.5/lib/mongrel.rb:285:in `initialize'
    /opt/local/lib/ruby/gems/1.8/gems/mongrel-1.1.5/lib/mongrel.rb:285:in `new'
    /opt/local/lib/ruby/gems/1.8/gems/mongrel-1.1.5/lib/mongrel.rb:285:in `run'
    /opt/local/lib/ruby/gems/1.8/gems/mongrel-1.1.5/lib/mongrel.rb:268:in `initialize'
    /opt/local/lib/ruby/gems/1.8/gems/mongrel-1.1.5/lib/mongrel.rb:268:in `new'
    /opt/local/lib/ruby/gems/1.8/gems/mongrel-1.1.5/lib/mongrel.rb:268:in `run'
    /opt/local/lib/ruby/gems/1.8/gems/rack-1.0.1/lib/rack/handler/mongrel.rb:34:in `run'
    /opt/local/lib/ruby/gems/1.8/gems/rails-2.3.5/lib/commands/server.rb:111
    /opt/local/lib/ruby/site_ruby/1.8/rubygems/custom_require.rb:31:in `gem_original_require'
    /opt/local/lib/ruby/site_ruby/1.8/rubygems/custom_require.rb:31:in `require'
    script/server:3
/!\ FAILSAFE /!\  Fri Jan 15 09:22:32 -0500 2010
  Status: 500 Internal Server Error
  undefined method `call' for nil:NilClass
    /opt/local/lib/ruby/gems/1.8/gems/activesupport-2.3.5/lib/active_support/whiny_nil.rb:52:in `method_missing'
    /Users/mmangino/Downloads/code/network_test/vendor/plugins/facebooker/lib/rack/facebook_session.rb:17:in `call'
    /opt/local/lib/ruby/gems/1.8/gems/actionpack-2.3.5/lib/action_controller/failsafe.rb:26:in `call'
    /opt/local/lib/ruby/gems/1.8/gems/rack-1.0.1/lib/rack/lock.rb:11:in `call'
    /opt/local/lib/ruby/gems/1.8/gems/rack-1.0.1/lib/rack/lock.rb:11:in `synchronize'
    /opt/local/lib/ruby/gems/1.8/gems/rack-1.0.1/lib/rack/lock.rb:11:in `call'
    /opt/local/lib/ruby/gems/1.8/gems/actionpack-2.3.5/lib/action_controller/dispatcher.rb:114:in `call'
    /opt/local/lib/ruby/gems/1.8/gems/actionpack-2.3.5/lib/action_controller/reloader.rb:34:in `run'
    /opt/local/lib/ruby/gems/1.8/gems/actionpack-2.3.5/lib/action_controller/dispatcher.rb:108:in `call'
    /opt/local/lib/ruby/gems/1.8/gems/rails-2.3.5/lib/rails/rack/static.rb:31:in `call'
    /opt/local/lib/ruby/gems/1.8/gems/rack-1.0.1/lib/rack/urlmap.rb:46:in `call'
    /opt/local/lib/ruby/gems/1.8/gems/rack-1.0.1/lib/rack/urlmap.rb:40:in `each'
    /opt/local/lib/ruby/gems/1.8/gems/rack-1.0.1/lib/rack/urlmap.rb:40:in `call'
    /opt/local/lib/ruby/gems/1.8/gems/rails-2.3.5/lib/rails/rack/debugger.rb:19:in `call'
    /opt/local/lib/ruby/gems/1.8/gems/rails-2.3.5/lib/rails/rack/log_tailer.rb:17:in `call'
    /opt/local/lib/ruby/gems/1.8/gems/rack-1.0.1/lib/rack/content_length.rb:13:in `call'
    /opt/local/lib/ruby/gems/1.8/gems/rack-1.0.1/lib/rack/chunked.rb:15:in `call'
    /opt/local/lib/ruby/gems/1.8/gems/rack-1.0.1/lib/rack/handler/mongrel.rb:64:in `process'
    /opt/local/lib/ruby/gems/1.8/gems/mongrel-1.1.5/lib/mongrel.rb:159:in `process_client'
    /opt/local/lib/ruby/gems/1.8/gems/mongrel-1.1.5/lib/mongrel.rb:158:in `each'
    /opt/local/lib/ruby/gems/1.8/gems/mongrel-1.1.5/lib/mongrel.rb:158:in `process_client'
    /opt/local/lib/ruby/gems/1.8/gems/mongrel-1.1.5/lib/mongrel.rb:285:in `run'
    /opt/local/lib/ruby/gems/1.8/gems/mongrel-1.1.5/lib/mongrel.rb:285:in `initialize'
    /opt/local/lib/ruby/gems/1.8/gems/mongrel-1.1.5/lib/mongrel.rb:285:in `new'
    /opt/local/lib/ruby/gems/1.8/gems/mongrel-1.1.5/lib/mongrel.rb:285:in `run'
    /opt/local/lib/ruby/gems/1.8/gems/mongrel-1.1.5/lib/mongrel.rb:268:in `initialize'
    /opt/local/lib/ruby/gems/1.8/gems/mongrel-1.1.5/lib/mongrel.rb:268:in `new'
    /opt/local/lib/ruby/gems/1.8/gems/mongrel-1.1.5/lib/mongrel.rb:268:in `run'
    /opt/local/lib/ruby/gems/1.8/gems/rack-1.0.1/lib/rack/handler/mongrel.rb:34:in `run'
    /opt/local/lib/ruby/gems/1.8/gems/rails-2.3.5/lib/commands/server.rb:111
    /opt/local/lib/ruby/site_ruby/1.8/rubygems/custom_require.rb:31:in `gem_original_require'
    /opt/local/lib/ruby/site_ruby/1.8/rubygems/custom_require.rb:31:in `require'
    script/server:3
Swapping facebooker config: 'e34ec276c93b8b443fd15691c57908c5'


Processing NetworkTestController#index (for 127.0.0.1 at 2010-01-15 09:24:26) [GET]
  Parameters: {"fb_sig_app_id"=>"5812356537", "fb_sig_friends_with_sad_status_2"=>"[[736516833,{\"message\":\"Starting the day off with a headache..not good, not good at all!\",\"time\":1263560599,\"status_id\":278001687462,\"source\":null,\"uid\":null,\"comment_count\":null}],[1424136322,{\"message\":\"is missing my Nana.\",\"time\":1263300699,\"status_id\":245813542303,\"source\":null,\"uid\":null,\"comment_count\":null}],[1574600933,{\"message\":\"$30 and an IMAX 3d headache later I am now officially an Avatard.  Great movie if you like special effects and an extreamly rehashed story line.  I beleive it was a remake of Pocahonis or Pulp fiction (I always get those 2 mixed up.)\",\"time\":1263045969,\"status_id\":421488855222,\"source\":null,\"uid\":null,\"comment_count\":null}]]", "fb_sig_request_method"=>"GET", "fb_sig_locale"=>"en_US", "fb_sig_in_canvas"=>"1", "fb_sig_in_new_facebook"=>"1", "fb_sig_friends_with_sad_status"=>"[[676920231,{\"message\":\"Had a hard time sleeping last night - getting upset over things that should be so trivial.  It's going to be a long day!\",\"time\":1263550546,\"status_id\":290584927003,\"source\":null,\"uid\":null,\"comment_count\":null}],[692474489,{\"message\":\"RT @petethesadpanda: New blog post: OpenIndie chooses Engine Yard Cloud http:\\/\\/bit.ly\\/55oXOv  ... (via @kieranmasterton)\",\"time\":1263429331,\"status_id\":252548827148,\"source\":null,\"uid\":null,\"comment_count\":null}]]", "fb_sig"=>"54db130251f214cc4e57c2da0d58c3f3", "fb_sig_added"=>"1", "fb_sig_user_data"=>"[[\"Mike\",\"Mike Mangino\",\"04\\/05\\/1978\",\"male\"]]", "fb_sig_expires"=>"1263571200", "fb_sig_session_key"=>"2.l8EJZbRfTviTajESx9_J6g__.3600.1263571200-12451752", "fb_sig_ext_perms"=>"auto_publish_recent_activity", "fb_sig_friends_data"=>"[[714004,\"06\\/30\",\"Roy Russell\",false],[1236115,\"07\\/22\",\"Justin Chen\",false],[1320132,\"12\\/01\",\"Lindsey Bickers Bock\",false],[1505315,\"12\\/30\",\"Jen Ramirez\",false],[1901714,\"02\\/21\\/1982\",\"Michael Niessner\",true],[1947244,\"06\\/29\\/1982\",\"Yan Pritzker\",false],[1950878,\"12\\/09\\/1979\",\"Keith Schacht\",true],[2200981,{},\"Jonathan Ozeran\",false],[2221404,\"06\\/14\\/1977\",\"Chris Blaha\",false],[2420155,{},\"Alan Warms\",false],[2901186,{},\"Marina Niessner\",false],[2904893,{},\"Tori Hanson Press\",false],[5320759,{},\"-Ian Balina\",false],[6101576,{},\"Megan Leitch\",false],[8203100,\"09\\/13\\/1984\",\"Greg Althouse\",false],[8219163,\"05\\/27\",\"Craig Haddow\",false],[8605627,\"03\\/14\\/1984\",\"Ben Weiner\",false],[8605673,{},\"Kelly Korevec\",false],[8842239,\"09\\/13\",\"Shane Vitarana\",false],[9507801,\"03\\/28\\/1988\",\"Kyle Slattery\",false],[9805679,\"05\\/23\\/1983\",\"David Tresner-Kirsch\",false],[10101244,\"06\\/17\",\"Josh Goldberg\",false],[11000582,\"03\\/22\\/1984\",\"Wylie Belasik\",false],[12415699,\"04\\/16\\/1984\",\"Monica Mosure\",false],[12430047,\"08\\/09\\/1982\",\"Jeremy Cervenec\",false],[12447608,\"05\\/09\\/1976\",\"Christopher Kent\",false],[12457362,\"05\\/16\",\"Emily Hixon\",false],[12459071,\"07\\/26\\/1980\",\"Daniel Fox\",false],[13741672,\"09\\/01\",\"Parama Danoesubroto\",false],[14810654,{},\"Ajay Mehta\",false],[20102086,{},\"Jaclyn Truncellito\",false],[20923062,{},\"Billy Giacomelli\",false],[22007799,{},\"Peter Chan\",false],[22012102,{},\"Rania El-Sorrogy\",true],[53100845,\"10\\/27\\/1981\",\"Bridget Savoy\",false],[62301334,\"08\\/02\\/1982\",\"James Frye\",false],[157200364,\"03\\/18\\/1985\",\"Jeremy McAnally\",false],[196604461,\"10\\/12\\/1987\",\"Elliott Garms\",false],[500091955,\"07\\/20\\/1980\",\"Charlie O'Keefe\",false],[500233761,\"09\\/27\",\"Kristen Nicole\",false],[501012646,\"10\\/17\",\"David Newbury\",false],[502985816,{},\"Geoffrey Grosenbach\",false],[503716759,\"01\\/01\\/1970\",\"Brian McConnell\",false],[504226131,{},\"David Kamedulski\",false],[505210294,\"05\\/03\\/1978\",\"Jessica Thompson\",false],[505289634,\"04\\/13\\/1983\",\"Prateek Dayal\",false],[506431092,\"11\\/01\\/1978\",\"Amanda Schwaderer Quinn\",false],[506753749,\"09\\/08\",\"Russell Golowin\",false],[506794518,{},\"Osman Can Ozcanli\",false],[510087648,\"11\\/02\\/1978\",\"Benjamin Martin\",false],[512092122,\"09\\/10\\/1981\",\"Peter Nicholas Vatistas\",false],[514549936,\"06\\/11\\/1982\",\"Joshua McDonald\",false],[515498703,\"10\\/26\",\"Sudha Jamthe\",false],[516700015,\"09\\/09\\/1980\",\"Greg Glasheen\",false],[517329721,\"10\\/13\\/1979\",\"Jarkko Laine\",false],[518295702,\"01\\/29\",\"Megan Wendell\",false],[519090763,{},\"Dan Hontz\",false],[521180570,{},\"Zach Kaplan\",false],[522809201,\"03\\/11\\/1968\",\"Mike Riley\",false],[523551926,{},\"Giles Bowkett\",false],[525647577,{},\"Leon Chism\",false],[531100365,\"05\\/13\\/1976\",\"Todd Pinkerton\",false],[531205233,\"08\\/15\\/1970\",\"Jason Perkins\",false],[531348236,\"07\\/20\",\"Soraya Rofagha\",false],[531428361,{},\"Lee Dryburgh\",false],[531555098,{},\"Surj Patel\",false],[531586166,\"03\\/12\",\"Pari H Schacht\",false],[531685187,{},\"Robin Chase\",false],[533191908,\"01\\/24\\/1975\",\"Amy Papendorf\",false],[533299745,\"05\\/14\\/1980\",\"Nick Ionita\",false],[534239973,\"02\\/07\\/1975\",\"Laris Kreslins\",false],[534619901,{},\"Jaclyn Brickman\",false],[534954841,\"10\\/14\\/1977\",\"Matt Moore\",false],[537281555,{},\"Brandy Farris Ware\",false],[538750748,\"03\\/04\",\"Michael Maximilien\",false],[539250231,\"04\\/17\\/1974\",\"Brian Eng\",false],[539693267,\"12\\/19\\/1983\",\"Jeremy Voorhis\",false],[540360016,\"08\\/28\\/1978\",\"Kristen McCormack Lyons\",false],[548500085,\"02\\/02\\/1978\",\"Shanley Rassler Campbell\",false],[551752244,\"07\\/30\",\"Piyush Gupta\",false],[552743294,\"02\\/01\\/1984\",\"Saurabh Purnaye\",false],[552975300,\"05\\/28\\/1975\",\"Jeremy Howard\",false],[554530649,\"07\\/18\\/1974\",\"Brad Spirrison\",false],[561125870,\"05\\/19\",\"Carrie Middleton Ceresa\",false],[561970351,{},\"Ambrose Nankivell\",false],[563710619,{},\"Alberto Tucci\",true],[564834353,\"10\\/10\",\"Raymond Gao\",false],[566112099,{},\"Mark Bates\",false],[566955936,\"10\\/21\",\"Jessica Anderson\",false],[570052321,{},\"Clark Kneller\",false],[576041945,\"12\\/02\\/1977\",\"Aaron J. Ward\",false],[576951428,\"08\\/01\\/1978\",\"Lauren Schmidt Hissrich\",false],[578129427,\"11\\/18\\/1956\",\"Jim Weirich\",false],[578610521,\"07\\/08\",\"Emily Panek Bice\",false],[579398979,\"02\\/22\\/1977\",\"Josh Prozialeck\",false],[579916874,\"11\\/24\\/1977\",\"Raj Basu\",false],[587412625,\"07\\/02\",\"Matias Paterlini\",false],[591163684,\"04\\/27\",\"Kay Bateman Burke\",false],[591790989,\"04\\/17\\/1974\",\"Jonathan Vaught\",true],[593141693,{},\"Annie Kafoure\",false],[596269347,\"11\\/26\\/1963\",\"David Chelimsky\",false],[597556166,\"12\\/05\",\"Brian Kasper\",false],[602162564,{},\"Katie Graham\",false],[602317055,{},\"Joe Cochran\",false],[604898240,{},\"Geoff Bonvallet\",false],[605506522,\"07\\/15\\/1979\",\"Kara Hammond\",false],[605643681,\"03\\/14\\/1978\",\"Rob Elliott\",false],[608841898,\"07\\/27\\/1977\",\"Jeani Habegger McAleer\",false],[609693958,\"09\\/20\\/1979\",\"Shefali Parikh\",false],[612846152,\"03\\/04\\/1975\",\"Jeff Judge\",false],[615629523,{},\"Sabrina Wagner\",false],[620122945,\"11\\/06\\/1976\",\"Dallas Mahrt\",false],[626087078,\"11\\/11\",\"Sean Hussey\",false],[627421309,{},\"Dave Kinsinger\",false],[628276445,\"02\\/15\\/1985\",\"Karthik Chigurupati\",false],[628290162,\"05\\/01\",\"Ken Pelletier\",false],[628765923,\"10\\/22\\/1978\",\"Sarah W. Kinsinger\",false],[630412950,\"11\\/15\\/1963\",\"George Forde\",false],[636426624,\"10\\/31\\/1976\",\"Stacey Siak\",false],[640769134,\"04\\/02\\/1978\",\"Eric K Idema\",false],[641030541,\"11\\/18\\/1975\",\"Brian McNamara\",false],[641370732,\"02\\/20\\/1970\",\"Matt Moog\",false],[644662928,\"10\\/01\\/1976\",\"Brooke Willmes\",false],[644781920,\"11\\/08\\/1977\",\"Nathan Kontny\",false],[645293385,\"10\\/12\\/1977\",\"Kara Knowles\",false],[650052106,{},\"Joe Iafigliola\",false],[650516592,{},\"Sumithra Jonnalagadda\",false],[651202640,\"09\\/21\\/1959\",\"Sid Zagri\",false],[655656299,\"06\\/06\",\"Wendi Frindell Crisp\",false],[656127126,\"03\\/11\",\"Joel Nylund\",false],[661722822,\"04\\/14\",\"Kristin Ekdahl Daly\",false],[668374011,\"03\\/11\\/1974\",\"Joshua Dritz\",false],[671602728,{},\"Andrew Marr\",false],[671827714,{},\"Quinn Burke\",false],[674447519,{},\"Susannah Davidson Pfalzer\",false],[675531008,\"02\\/29\\/1964\",\"David Mabelle\",false],[676408401,\"09\\/28\\/1964\",\"Jim McFarland\",false],[676920231,\"07\\/30\\/1973\",\"Niccole Amersdorfer\",false],[679597146,\"11\\/11\",\"Paul Collins\",false],[679727054,\"12\\/08\",\"Stephanie Cheadle Hoenie\",false],[681291366,\"03\\/05\\/1946\",\"Mike Mangino\",false],[682046578,\"09\\/14\",\"Sarah DoBroka\",false],[688193640,{},\"Missy Hanna\",false],[692096230,{},\"Carmelyne Thompson\",false],[692474489,{},\"Randall Thomas\",false],[693037031,\"01\\/21\\/1981\",\"Agnes Bateman\",false],[694427021,\"02\\/19\",\"Isao Shoji\",false],[695676196,\"07\\/31\\/1977\",\"Jay Daly\",false],[698856836,\"07\\/18\",\"Audrey Eschright\",false],[699843222,{},\"Mike Mussio\",false],[700056387,\"06\\/05\\/1979\",\"Kim Loeffert\",false],[703266781,\"02\\/27\\/1972\",\"John M. Carlin\",false],[707476860,{},\"Mike Clark\",false],[708100904,\"08\\/24\\/1971\",\"Melanie Dheel\",false],[708753055,\"03\\/03\",\"Kellee Gooden\",false],[710732475,\"08\\/08\",\"Emily Lorton Bourne\",false],[714521846,\"09\\/29\",\"Josh Kieschnick\",false],[715669404,{},\"Kelly Frindell\",false],[716065588,\"07\\/22\\/1969\",\"Sean Tevis\",false],[718976395,\"09\\/01\\/1981\",\"Marcel Molina\",false],[719263455,{},\"Huw Collingbourne\",false],[721234666,\"05\\/05\\/1980\",\"Jason Rohwedder\",false],[721300070,\"11\\/01\\/1977\",\"Marin Domini Sheets\",false],[724146195,\"04\\/04\",\"Sapna Patel Vaghani\",false],[727456551,\"06\\/10\\/1970\",\"Ted Zahner\",false],[728206819,\"10\\/06\\/1979\",\"Doug McCoy\",false],[729061512,{},\"Jason Lee\",false],[736516833,\"06\\/14\\/1978\",\"Andrea Packard Gyurko\",false],[740192698,\"07\\/10\\/1977\",\"Craig Brandenburg\",false],[744961110,\"05\\/11\\/1974\",\"Chad Fowler\",false],[745072761,{},\"Michael Carruth\",false],[745267875,\"05\\/08\",\"Charlene Altan\",false],[746969550,\"07\\/20\\/1966\",\"Glen Gardner\",false],[747739523,\"01\\/29\\/1976\",\"Kristin Wedemeyer\",false],[751604267,\"02\\/02\\/1982\",\"Colin A. Bartlett\",false],[752041272,{},\"Nick Kellet\",false],[752319027,\"08\\/22\\/1978\",\"P.J. Tanzillo\",false],[753725552,\"07\\/20\\/1976\",\"Patrick Jaberg\",false],[754264021,\"11\\/09\\/1978\",\"Athanasios Melisiotis\",false],[762879027,\"08\\/13\\/1981\",\"Randy Schmidt\",false],[763825642,\"11\\/05\\/1973\",\"Chris Redinger\",false],[771274656,\"05\\/24\\/1977\",\"Tracy Peffly Spessert\",false],[772349808,\"07\\/07\\/1978\",\"Mercy Minde\",false],[773169551,\"01\\/21\\/1970\",\"Geoff Dougherty\",false],[773312990,\"04\\/03\\/1968\",\"Chuck Templeton\",false],[778675462,\"03\\/17\\/1975\",\"Matt Endress\",false],[788511623,\"11\\/17\",\"Phillip Thompson\",false],[794230713,\"08\\/04\",\"Karl Busch\",false],[795141561,\"10\\/12\",\"David Li\",false],[797778605,{},\"Andrew Quigley\",false],[809827607,\"06\\/19\\/1978\",\"Tom MacKenzie\",false],[814673555,{},\"Zach Dennis\",false],[815589077,\"09\\/27\\/1971\",\"Turhan Godfrey\",false],[824298241,\"04\\/15\\/1974\",\"Ezra Zygmuntowicz\",false],[829567899,\"02\\/10\\/1975\",\"Dean Radcliffe\",false],[830904376,\"08\\/21\\/1970\",\"David Clements\",false],[853729874,\"07\\/10\\/1978\",\"Erik Binion\",false],[855809293,\"09\\/01\\/1977\",\"Scott Spitzer\",false],[860325303,\"07\\/10\\/1974\",\"Obie Fernandez\",false],[906690413,{},\"Jeremy Young\",false],[1000594672,\"06\\/13\\/1978\",\"Jennifer O'Leary Jones\",false],[1004409881,\"05\\/29\",\"Kim Hoving\",false],[1008537322,\"02\\/28\\/1971\",\"Mindy Chadwick Stobart\",false],[1014847136,{},\"John Photos\",false],[1018227614,\"02\\/07\\/1978\",\"Rebekah Weiss\",false],[1019617102,\"06\\/28\",\"Cathy Bickley Heath\",false],[1021157522,\"08\\/09\\/1978\",\"Lisa Rademacher Farrar\",false],[1024186567,\"11\\/11\",\"Carie Wiese\",false],[1028954631,\"07\\/09\\/1954\",\"Larry Kelley\",false],[1041048275,\"10\\/06\",\"Jennifer Reilly Desireddi\",false],[1042830137,{},\"Heather Linhart Stumpf\",false],[1045310375,{},\"Brian Columbus\",false],[1059001007,\"02\\/25\",\"Rishi Lulla\",false],[1070470767,\"12\\/31\\/1977\",\"Jessie Nemeth Schroeder\",false],[1071826465,\"01\\/27\\/1975\",\"Scott Evans\",false],[1075006777,\"03\\/01\\/1973\",\"Corey Haines\",false],[1078571623,\"04\\/26\",\"Lindsey Belkin Kerby\",false],[1079836206,\"09\\/11\\/1979\",\"Brian Takita\",false],[1083051707,\"12\\/02\\/1978\",\"Patrick Campbell\",false],[1089026744,\"07\\/03\",\"BackOn MyFeet\",false],[1089690140,\"06\\/07\",\"Judy Galvez Tosto\",false],[1090178706,\"02\\/29\",\"Sarah Brennan\",false],[1093953377,\"03\\/10\\/1977\",\"Steven Zelinger\",false],[1096412626,\"10\\/06\\/1977\",\"Mat Shamis\",false],[1097562270,\"07\\/30\\/1972\",\"Jeff Ware\",false],[1100652344,\"10\\/19\\/1950\",\"Brenda Hixon\",false],[1106173248,\"01\\/11\\/1969\",\"Peter Fitzgibbons\",false],[1106763012,\"05\\/31\",\"Mike Yamato\",false],[1115115274,\"02\\/24\",\"Katie Forshey Viskocil\",false],[1116453443,\"04\\/10\\/1959\",\"Martin Mangino\",false],[1125579457,\"02\\/14\\/1978\",\"Leslie Dingeldein\",false],[1125925578,{},\"Matt Cowgill\",false],[1131243382,\"12\\/26\\/1969\",\"Nicholas Gracilla\",false],[1136992012,\"06\\/02\",\"Ben Snyder\",false],[1143349616,\"09\\/25\",\"Ben Ridout\",false],[1144920178,\"10\\/15\\/1978\",\"Doug Foxx\",false],[1152940268,\"06\\/14\\/1975\",\"Lee Schroeder\",false],[1159600773,\"07\\/10\\/1970\",\"Philip G Harris Jr\",false],[1162087390,\"08\\/11\\/1978\",\"Taryn Summerfield\",false],[1162653173,\"08\\/29\\/1977\",\"Kerri Kaderly\",false],[1167649581,\"11\\/19\",\"Kim Howard\",false],[1192117135,\"06\\/07\\/1977\",\"Emily Lipsitz\",false],[1208144464,\"08\\/29\\/1980\",\"Beth Hisem Jacobs\",false],[1215200584,\"05\\/06\\/1955\",\"Dave Weaner\",false],[1220594020,\"07\\/07\",\"Nicole Abrunzo\",false],[1221270895,\"10\\/15\\/1976\",\"Jennifer Cook McMahon\",false],[1230542154,\"01\\/07\",\"Yudi Soesanto\",false],[1232886069,\"03\\/02\",\"Glenda Price Warner\",false],[1240743302,\"08\\/03\",\"Charles W. Jackson II\",false],[1246803000,\"01\\/18\\/1981\",\"Mitch Thompson\",false],[1250947664,\"07\\/22\",\"Jessica Henry\",false],[1257264846,{},\"Micah Messenheimer\",false],[1260444712,\"02\\/14\",\"Goli Mostoufi-Moab\",false],[1268344480,{},\"Braz Ford\",false],[1275579143,{},\"Julia Fuzak\",false],[1284184185,\"06\\/20\",\"Mark Romz\",false],[1310793354,\"08\\/08\\/1978\",\"Kendra Marino\",false],[1310911890,\"10\\/19\",\"Beverly Ware\",false],[1312581090,\"06\\/02\\/1978\",\"Aaron Whittington\",false],[1316978913,\"11\\/04\",\"Ricardo Caspirro\",false],[1317636778,\"01\\/13\\/1972\",\"Sara Mangino\",false],[1324509427,{},\"Christine M. Hurley\",false],[1326711372,{},\"Mike NeverAdd\",false],[1329042454,\"05\\/02\\/1978\",\"Craig Kent\",false],[1337158766,\"05\\/07\\/1977\",\"Rob Rishel\",false],[1349851156,\"04\\/06\\/1982\",\"Allan Miguel\",false],[1357688090,\"10\\/24\",\"Lisa Yonka Stevens\",false],[1361744521,\"02\\/18\\/1972\",\"Justin Gehtland\",false],[1385521447,{},\"Mike Dingeldein\",false],[1388050013,{},\"Oronde Yero\",false],[1398840546,\"07\\/22\\/1978\",\"Dana Sepe\",false],[1412985543,\"01\\/25\\/1977\",\"Anil Suryaprasad\",false],[1421388375,\"02\\/14\\/1978\",\"Mike Mangino\",false],[1421807867,{},\"Paul Branham\",false],[1423560682,\"12\\/21\\/1977\",\"Anoop Ghuman\",false],[1424136322,\"09\\/13\\/1978\",\"Marcie Meinhart Hatfield\",false],[1424722614,\"11\\/01\",\"Jenny 'Kramer' Trimmer\",false],[1426433221,{},\"Jeff Dale\",false],[1436748645,\"10\\/08\",\"Katy 'Fitzpatrick' Branham\",false],[1446556549,\"09\\/27\\/1977\",\"Joshua Wagner\",false],[1454829723,\"05\\/21\\/1968\",\"Stuart Dabbs Halloway\",false],[1460618065,\"11\\/18\",\"J.C. Wilson\",false],[1469174596,{},\"Budi Wiyono\",true],[1470636569,\"02\\/20\",\"Kelly Rarick Cleveland\",false],[1508291233,\"11\\/11\\/1976\",\"Matt Norris\",false],[1509030176,\"07\\/09\\/1975\",\"Chris Merritt\",false],[1514328998,\"06\\/13\",\"Jennifer Mayzer Siddell\",false],[1528134476,\"06\\/10\\/1980\",\"Lius Amstrong\",false],[1531509400,\"04\\/06\\/1980\",\"Christina Penton-Weaver\",false],[1533068333,\"12\\/28\",\"Leigh Ann Fierro\",false],[1546034080,{},\"Alexis Teplick\",false],[1546898972,\"05\\/15\\/1978\",\"Kara Gill Kent\",false],[1551523968,\"10\\/20\\/1963\",\"Christopher Miller\",false],[1574600933,\"01\\/07\\/1962\",\"Bob Spicer\",false],[1594009973,\"02\\/23\\/1966\",\"George Haberberger\",false],[1599172573,{},\"Adriane Schwartz Emerson\",false],[1600600857,\"04\\/04\\/1948\",\"Lynn Mangino\",false],[1610921649,\"05\\/11\\/1958\",\"Phillp Louden\",false],[1650667295,{},{},false],[1660637182,\"01\\/11\",\"Mary Anne Standafer Ahn\",false],[1724329278,\"09\\/03\\/1977\",\"James McKelvey\",false],[1745659382,\"01\\/14\\/1978\",\"Katie Knies Bernal\",false],[1754422639,\"11\\/27\\/1978\",\"Crystal Hibbs\",false],[1800498376,{},\"Greg Pinter\",false],[100000054528325,{},\"BeautySh OpCafe\",false],[100000069333818,{},\"Prashant Sahni\",false],[100000082098855,\"09\\/27\\/1978\",\"Debbie Zimmerman\",false],[100000082203809,\"06\\/30\\/1981\",\"Jennifer Klaus\",false],[100000106796589,{},\"Mike Salazar\",false],[100000134346924,{},\"Tina Bricker Fowler\",false],[100000243381247,\"09\\/26\\/1977\",\"Eric Gervais\",false],[100000264321165,{},\"Rich Leonard\",false],[100000366342959,\"07\\/28\\/1977\",\"Rick Snyder\",false],[100000480615435,\"08\\/09\\/1978\",\"Kipp Nolder\",false]]", "fb_sig_api_key"=>"e34ec276c93b8b443fd15691c57908c5", "fb_sig_time"=>"1263565426.4032", "fb_sig_profile_update_time"=>"1241617926", "fb_sig_user"=>"12451752"}
Rendering network_test/index
Completed in 11ms (View: 9, DB: 0) | 200 OK [http://web1.tunnlr.com/]
Swapping facebooker config: 'e34ec276c93b8b443fd15691c57908c5'


Processing NetworkTestController#index (for 127.0.0.1 at 2010-01-15 09:24:55) [GET]
  Parameters: {"fb_sig_app_id"=>"5812356537", "fb_sig_friends_with_sad_status_2"=>"[[736516833,{\"message\":\"Starting the day off with a headache..not good, not good at all!\",\"time\":1263560599,\"status_id\":278001687462,\"source\":null,\"uid\":null,\"comment_count\":null}],[1424136322,{\"message\":\"is missing my Nana.\",\"time\":1263300699,\"status_id\":245813542303,\"source\":null,\"uid\":null,\"comment_count\":null}],[1574600933,{\"message\":\"$30 and an IMAX 3d headache later I am now officially an Avatard.  Great movie if you like special effects and an extreamly rehashed story line.  I beleive it was a remake of Pocahonis or Pulp fiction (I always get those 2 mixed up.)\",\"time\":1263045969,\"status_id\":421488855222,\"source\":null,\"uid\":null,\"comment_count\":null}]]", "fb_sig_request_method"=>"GET", "fb_sig_locale"=>"en_US", "fb_sig_in_canvas"=>"1", "fb_sig_in_new_facebook"=>"1", "fb_sig_friends_with_sad_status"=>"[[676920231,{\"message\":\"Had a hard time sleeping last night - getting upset over things that should be so trivial.  It's going to be a long day!\",\"time\":1263550546,\"status_id\":290584927003,\"source\":null,\"uid\":null,\"comment_count\":null}],[692474489,{\"message\":\"RT @petethesadpanda: New blog post: OpenIndie chooses Engine Yard Cloud http:\\/\\/bit.ly\\/55oXOv  ... (via @kieranmasterton)\",\"time\":1263429331,\"status_id\":252548827148,\"source\":null,\"uid\":null,\"comment_count\":null}]]", "fb_sig"=>"c0d6fae402159047ab6101e3965e1b42", "fb_sig_added"=>"1", "fb_sig_user_data"=>"[[\"Mike\",\"Mike Mangino\",\"04\\/05\\/1978\",\"male\"]]", "fb_sig_expires"=>"1263571200", "fb_sig_session_key"=>"2.l8EJZbRfTviTajESx9_J6g__.3600.1263571200-12451752", "fb_sig_ext_perms"=>"auto_publish_recent_activity", "fb_sig_friends_data"=>"[[714004,\"06\\/30\",\"Roy Russell\",false],[1236115,\"07\\/22\",\"Justin Chen\",false],[1320132,\"12\\/01\",\"Lindsey Bickers Bock\",false],[1505315,\"12\\/30\",\"Jen Ramirez\",false],[1901714,\"02\\/21\\/1982\",\"Michael Niessner\",true],[1947244,\"06\\/29\\/1982\",\"Yan Pritzker\",false],[1950878,\"12\\/09\\/1979\",\"Keith Schacht\",true],[2200981,{},\"Jonathan Ozeran\",false],[2221404,\"06\\/14\\/1977\",\"Chris Blaha\",false],[2420155,{},\"Alan Warms\",false],[2901186,{},\"Marina Niessner\",false],[2904893,{},\"Tori Hanson Press\",false],[5320759,{},\"-Ian Balina\",false],[6101576,{},\"Megan Leitch\",false],[8203100,\"09\\/13\\/1984\",\"Greg Althouse\",false],[8219163,\"05\\/27\",\"Craig Haddow\",false],[8605627,\"03\\/14\\/1984\",\"Ben Weiner\",false],[8605673,{},\"Kelly Korevec\",false],[8842239,\"09\\/13\",\"Shane Vitarana\",false],[9507801,\"03\\/28\\/1988\",\"Kyle Slattery\",false],[9805679,\"05\\/23\\/1983\",\"David Tresner-Kirsch\",false],[10101244,\"06\\/17\",\"Josh Goldberg\",false],[11000582,\"03\\/22\\/1984\",\"Wylie Belasik\",false],[12415699,\"04\\/16\\/1984\",\"Monica Mosure\",false],[12430047,\"08\\/09\\/1982\",\"Jeremy Cervenec\",false],[12447608,\"05\\/09\\/1976\",\"Christopher Kent\",false],[12457362,\"05\\/16\",\"Emily Hixon\",false],[12459071,\"07\\/26\\/1980\",\"Daniel Fox\",false],[13741672,\"09\\/01\",\"Parama Danoesubroto\",false],[14810654,{},\"Ajay Mehta\",false],[20102086,{},\"Jaclyn Truncellito\",false],[20923062,{},\"Billy Giacomelli\",false],[22007799,{},\"Peter Chan\",false],[22012102,{},\"Rania El-Sorrogy\",true],[53100845,\"10\\/27\\/1981\",\"Bridget Savoy\",false],[62301334,\"08\\/02\\/1982\",\"James Frye\",false],[157200364,\"03\\/18\\/1985\",\"Jeremy McAnally\",false],[196604461,\"10\\/12\\/1987\",\"Elliott Garms\",false],[500091955,\"07\\/20\\/1980\",\"Charlie O'Keefe\",false],[500233761,\"09\\/27\",\"Kristen Nicole\",false],[501012646,\"10\\/17\",\"David Newbury\",false],[502985816,{},\"Geoffrey Grosenbach\",false],[503716759,\"01\\/01\\/1970\",\"Brian McConnell\",false],[504226131,{},\"David Kamedulski\",false],[505210294,\"05\\/03\\/1978\",\"Jessica Thompson\",false],[505289634,\"04\\/13\\/1983\",\"Prateek Dayal\",false],[506431092,\"11\\/01\\/1978\",\"Amanda Schwaderer Quinn\",false],[506753749,\"09\\/08\",\"Russell Golowin\",false],[506794518,{},\"Osman Can Ozcanli\",false],[510087648,\"11\\/02\\/1978\",\"Benjamin Martin\",false],[512092122,\"09\\/10\\/1981\",\"Peter Nicholas Vatistas\",false],[514549936,\"06\\/11\\/1982\",\"Joshua McDonald\",false],[515498703,\"10\\/26\",\"Sudha Jamthe\",false],[516700015,\"09\\/09\\/1980\",\"Greg Glasheen\",false],[517329721,\"10\\/13\\/1979\",\"Jarkko Laine\",false],[518295702,\"01\\/29\",\"Megan Wendell\",false],[519090763,{},\"Dan Hontz\",false],[521180570,{},\"Zach Kaplan\",false],[522809201,\"03\\/11\\/1968\",\"Mike Riley\",false],[523551926,{},\"Giles Bowkett\",false],[525647577,{},\"Leon Chism\",false],[531100365,\"05\\/13\\/1976\",\"Todd Pinkerton\",false],[531205233,\"08\\/15\\/1970\",\"Jason Perkins\",false],[531348236,\"07\\/20\",\"Soraya Rofagha\",false],[531428361,{},\"Lee Dryburgh\",false],[531555098,{},\"Surj Patel\",false],[531586166,\"03\\/12\",\"Pari H Schacht\",false],[531685187,{},\"Robin Chase\",false],[533191908,\"01\\/24\\/1975\",\"Amy Papendorf\",false],[533299745,\"05\\/14\\/1980\",\"Nick Ionita\",false],[534239973,\"02\\/07\\/1975\",\"Laris Kreslins\",false],[534619901,{},\"Jaclyn Brickman\",false],[534954841,\"10\\/14\\/1977\",\"Matt Moore\",false],[537281555,{},\"Brandy Farris Ware\",false],[538750748,\"03\\/04\",\"Michael Maximilien\",false],[539250231,\"04\\/17\\/1974\",\"Brian Eng\",false],[539693267,\"12\\/19\\/1983\",\"Jeremy Voorhis\",false],[540360016,\"08\\/28\\/1978\",\"Kristen McCormack Lyons\",false],[548500085,\"02\\/02\\/1978\",\"Shanley Rassler Campbell\",false],[551752244,\"07\\/30\",\"Piyush Gupta\",false],[552743294,\"02\\/01\\/1984\",\"Saurabh Purnaye\",false],[552975300,\"05\\/28\\/1975\",\"Jeremy Howard\",false],[554530649,\"07\\/18\\/1974\",\"Brad Spirrison\",false],[561125870,\"05\\/19\",\"Carrie Middleton Ceresa\",false],[561970351,{},\"Ambrose Nankivell\",false],[563710619,{},\"Alberto Tucci\",true],[564834353,\"10\\/10\",\"Raymond Gao\",false],[566112099,{},\"Mark Bates\",false],[566955936,\"10\\/21\",\"Jessica Anderson\",false],[570052321,{},\"Clark Kneller\",false],[576041945,\"12\\/02\\/1977\",\"Aaron J. Ward\",false],[576951428,\"08\\/01\\/1978\",\"Lauren Schmidt Hissrich\",false],[578129427,\"11\\/18\\/1956\",\"Jim Weirich\",false],[578610521,\"07\\/08\",\"Emily Panek Bice\",false],[579398979,\"02\\/22\\/1977\",\"Josh Prozialeck\",false],[579916874,\"11\\/24\\/1977\",\"Raj Basu\",false],[587412625,\"07\\/02\",\"Matias Paterlini\",false],[591163684,\"04\\/27\",\"Kay Bateman Burke\",false],[591790989,\"04\\/17\\/1974\",\"Jonathan Vaught\",true],[593141693,{},\"Annie Kafoure\",false],[596269347,\"11\\/26\\/1963\",\"David Chelimsky\",false],[597556166,\"12\\/05\",\"Brian Kasper\",false],[602162564,{},\"Katie Graham\",false],[602317055,{},\"Joe Cochran\",false],[604898240,{},\"Geoff Bonvallet\",false],[605506522,\"07\\/15\\/1979\",\"Kara Hammond\",false],[605643681,\"03\\/14\\/1978\",\"Rob Elliott\",false],[608841898,\"07\\/27\\/1977\",\"Jeani Habegger McAleer\",false],[609693958,\"09\\/20\\/1979\",\"Shefali Parikh\",false],[612846152,\"03\\/04\\/1975\",\"Jeff Judge\",false],[615629523,{},\"Sabrina Wagner\",false],[620122945,\"11\\/06\\/1976\",\"Dallas Mahrt\",false],[626087078,\"11\\/11\",\"Sean Hussey\",false],[627421309,{},\"Dave Kinsinger\",false],[628276445,\"02\\/15\\/1985\",\"Karthik Chigurupati\",false],[628290162,\"05\\/01\",\"Ken Pelletier\",false],[628765923,\"10\\/22\\/1978\",\"Sarah W. Kinsinger\",false],[630412950,\"11\\/15\\/1963\",\"George Forde\",false],[636426624,\"10\\/31\\/1976\",\"Stacey Siak\",false],[640769134,\"04\\/02\\/1978\",\"Eric K Idema\",false],[641030541,\"11\\/18\\/1975\",\"Brian McNamara\",false],[641370732,\"02\\/20\\/1970\",\"Matt Moog\",false],[644662928,\"10\\/01\\/1976\",\"Brooke Willmes\",false],[644781920,\"11\\/08\\/1977\",\"Nathan Kontny\",false],[645293385,\"10\\/12\\/1977\",\"Kara Knowles\",false],[650052106,{},\"Joe Iafigliola\",false],[650516592,{},\"Sumithra Jonnalagadda\",false],[651202640,\"09\\/21\\/1959\",\"Sid Zagri\",false],[655656299,\"06\\/06\",\"Wendi Frindell Crisp\",false],[656127126,\"03\\/11\",\"Joel Nylund\",false],[661722822,\"04\\/14\",\"Kristin Ekdahl Daly\",false],[668374011,\"03\\/11\\/1974\",\"Joshua Dritz\",false],[671602728,{},\"Andrew Marr\",false],[671827714,{},\"Quinn Burke\",false],[674447519,{},\"Susannah Davidson Pfalzer\",false],[675531008,\"02\\/29\\/1964\",\"David Mabelle\",false],[676408401,\"09\\/28\\/1964\",\"Jim McFarland\",false],[676920231,\"07\\/30\\/1973\",\"Niccole Amersdorfer\",false],[679597146,\"11\\/11\",\"Paul Collins\",false],[679727054,\"12\\/08\",\"Stephanie Cheadle Hoenie\",false],[681291366,\"03\\/05\\/1946\",\"Mike Mangino\",false],[682046578,\"09\\/14\",\"Sarah DoBroka\",false],[688193640,{},\"Missy Hanna\",false],[692096230,{},\"Carmelyne Thompson\",false],[692474489,{},\"Randall Thomas\",false],[693037031,\"01\\/21\\/1981\",\"Agnes Bateman\",false],[694427021,\"02\\/19\",\"Isao Shoji\",false],[695676196,\"07\\/31\\/1977\",\"Jay Daly\",false],[698856836,\"07\\/18\",\"Audrey Eschright\",false],[699843222,{},\"Mike Mussio\",false],[700056387,\"06\\/05\\/1979\",\"Kim Loeffert\",false],[703266781,\"02\\/27\\/1972\",\"John M. Carlin\",false],[707476860,{},\"Mike Clark\",false],[708100904,\"08\\/24\\/1971\",\"Melanie Dheel\",false],[708753055,\"03\\/03\",\"Kellee Gooden\",false],[710732475,\"08\\/08\",\"Emily Lorton Bourne\",false],[714521846,\"09\\/29\",\"Josh Kieschnick\",false],[715669404,{},\"Kelly Frindell\",false],[716065588,\"07\\/22\\/1969\",\"Sean Tevis\",false],[718976395,\"09\\/01\\/1981\",\"Marcel Molina\",false],[719263455,{},\"Huw Collingbourne\",false],[721234666,\"05\\/05\\/1980\",\"Jason Rohwedder\",false],[721300070,\"11\\/01\\/1977\",\"Marin Domini Sheets\",false],[724146195,\"04\\/04\",\"Sapna Patel Vaghani\",false],[727456551,\"06\\/10\\/1970\",\"Ted Zahner\",false],[728206819,\"10\\/06\\/1979\",\"Doug McCoy\",false],[729061512,{},\"Jason Lee\",false],[736516833,\"06\\/14\\/1978\",\"Andrea Packard Gyurko\",false],[740192698,\"07\\/10\\/1977\",\"Craig Brandenburg\",false],[744961110,\"05\\/11\\/1974\",\"Chad Fowler\",false],[745072761,{},\"Michael Carruth\",false],[745267875,\"05\\/08\",\"Charlene Altan\",false],[746969550,\"07\\/20\\/1966\",\"Glen Gardner\",false],[747739523,\"01\\/29\\/1976\",\"Kristin Wedemeyer\",false],[751604267,\"02\\/02\\/1982\",\"Colin A. Bartlett\",false],[752041272,{},\"Nick Kellet\",false],[752319027,\"08\\/22\\/1978\",\"P.J. Tanzillo\",false],[753725552,\"07\\/20\\/1976\",\"Patrick Jaberg\",false],[754264021,\"11\\/09\\/1978\",\"Athanasios Melisiotis\",false],[762879027,\"08\\/13\\/1981\",\"Randy Schmidt\",false],[763825642,\"11\\/05\\/1973\",\"Chris Redinger\",false],[771274656,\"05\\/24\\/1977\",\"Tracy Peffly Spessert\",false],[772349808,\"07\\/07\\/1978\",\"Mercy Minde\",false],[773169551,\"01\\/21\\/1970\",\"Geoff Dougherty\",false],[773312990,\"04\\/03\\/1968\",\"Chuck Templeton\",false],[778675462,\"03\\/17\\/1975\",\"Matt Endress\",false],[788511623,\"11\\/17\",\"Phillip Thompson\",false],[794230713,\"08\\/04\",\"Karl Busch\",false],[795141561,\"10\\/12\",\"David Li\",false],[797778605,{},\"Andrew Quigley\",false],[809827607,\"06\\/19\\/1978\",\"Tom MacKenzie\",false],[814673555,{},\"Zach Dennis\",false],[815589077,\"09\\/27\\/1971\",\"Turhan Godfrey\",false],[824298241,\"04\\/15\\/1974\",\"Ezra Zygmuntowicz\",false],[829567899,\"02\\/10\\/1975\",\"Dean Radcliffe\",false],[830904376,\"08\\/21\\/1970\",\"David Clements\",false],[853729874,\"07\\/10\\/1978\",\"Erik Binion\",false],[855809293,\"09\\/01\\/1977\",\"Scott Spitzer\",false],[860325303,\"07\\/10\\/1974\",\"Obie Fernandez\",false],[906690413,{},\"Jeremy Young\",false],[1000594672,\"06\\/13\\/1978\",\"Jennifer O'Leary Jones\",false],[1004409881,\"05\\/29\",\"Kim Hoving\",false],[1008537322,\"02\\/28\\/1971\",\"Mindy Chadwick Stobart\",false],[1014847136,{},\"John Photos\",false],[1018227614,\"02\\/07\\/1978\",\"Rebekah Weiss\",false],[1019617102,\"06\\/28\",\"Cathy Bickley Heath\",false],[1021157522,\"08\\/09\\/1978\",\"Lisa Rademacher Farrar\",false],[1024186567,\"11\\/11\",\"Carie Wiese\",false],[1028954631,\"07\\/09\\/1954\",\"Larry Kelley\",false],[1041048275,\"10\\/06\",\"Jennifer Reilly Desireddi\",false],[1042830137,{},\"Heather Linhart Stumpf\",false],[1045310375,{},\"Brian Columbus\",false],[1059001007,\"02\\/25\",\"Rishi Lulla\",false],[1070470767,\"12\\/31\\/1977\",\"Jessie Nemeth Schroeder\",false],[1071826465,\"01\\/27\\/1975\",\"Scott Evans\",false],[1075006777,\"03\\/01\\/1973\",\"Corey Haines\",false],[1078571623,\"04\\/26\",\"Lindsey Belkin Kerby\",false],[1079836206,\"09\\/11\\/1979\",\"Brian Takita\",false],[1083051707,\"12\\/02\\/1978\",\"Patrick Campbell\",false],[1089026744,\"07\\/03\",\"BackOn MyFeet\",false],[1089690140,\"06\\/07\",\"Judy Galvez Tosto\",false],[1090178706,\"02\\/29\",\"Sarah Brennan\",false],[1093953377,\"03\\/10\\/1977\",\"Steven Zelinger\",false],[1096412626,\"10\\/06\\/1977\",\"Mat Shamis\",false],[1097562270,\"07\\/30\\/1972\",\"Jeff Ware\",false],[1100652344,\"10\\/19\\/1950\",\"Brenda Hixon\",false],[1106173248,\"01\\/11\\/1969\",\"Peter Fitzgibbons\",false],[1106763012,\"05\\/31\",\"Mike Yamato\",false],[1115115274,\"02\\/24\",\"Katie Forshey Viskocil\",false],[1116453443,\"04\\/10\\/1959\",\"Martin Mangino\",false],[1125579457,\"02\\/14\\/1978\",\"Leslie Dingeldein\",false],[1125925578,{},\"Matt Cowgill\",false],[1131243382,\"12\\/26\\/1969\",\"Nicholas Gracilla\",false],[1136992012,\"06\\/02\",\"Ben Snyder\",false],[1143349616,\"09\\/25\",\"Ben Ridout\",false],[1144920178,\"10\\/15\\/1978\",\"Doug Foxx\",false],[1152940268,\"06\\/14\\/1975\",\"Lee Schroeder\",false],[1159600773,\"07\\/10\\/1970\",\"Philip G Harris Jr\",false],[1162087390,\"08\\/11\\/1978\",\"Taryn Summerfield\",false],[1162653173,\"08\\/29\\/1977\",\"Kerri Kaderly\",false],[1167649581,\"11\\/19\",\"Kim Howard\",false],[1192117135,\"06\\/07\\/1977\",\"Emily Lipsitz\",false],[1208144464,\"08\\/29\\/1980\",\"Beth Hisem Jacobs\",false],[1215200584,\"05\\/06\\/1955\",\"Dave Weaner\",false],[1220594020,\"07\\/07\",\"Nicole Abrunzo\",false],[1221270895,\"10\\/15\\/1976\",\"Jennifer Cook McMahon\",false],[1230542154,\"01\\/07\",\"Yudi Soesanto\",false],[1232886069,\"03\\/02\",\"Glenda Price Warner\",false],[1240743302,\"08\\/03\",\"Charles W. Jackson II\",false],[1246803000,\"01\\/18\\/1981\",\"Mitch Thompson\",false],[1250947664,\"07\\/22\",\"Jessica Henry\",false],[1257264846,{},\"Micah Messenheimer\",false],[1260444712,\"02\\/14\",\"Goli Mostoufi-Moab\",false],[1268344480,{},\"Braz Ford\",false],[1275579143,{},\"Julia Fuzak\",false],[1284184185,\"06\\/20\",\"Mark Romz\",false],[1310793354,\"08\\/08\\/1978\",\"Kendra Marino\",false],[1310911890,\"10\\/19\",\"Beverly Ware\",false],[1312581090,\"06\\/02\\/1978\",\"Aaron Whittington\",false],[1316978913,\"11\\/04\",\"Ricardo Caspirro\",false],[1317636778,\"01\\/13\\/1972\",\"Sara Mangino\",false],[1324509427,{},\"Christine M. Hurley\",false],[1326711372,{},\"Mike NeverAdd\",false],[1329042454,\"05\\/02\\/1978\",\"Craig Kent\",false],[1337158766,\"05\\/07\\/1977\",\"Rob Rishel\",false],[1349851156,\"04\\/06\\/1982\",\"Allan Miguel\",false],[1357688090,\"10\\/24\",\"Lisa Yonka Stevens\",false],[1361744521,\"02\\/18\\/1972\",\"Justin Gehtland\",false],[1385521447,{},\"Mike Dingeldein\",false],[1388050013,{},\"Oronde Yero\",false],[1398840546,\"07\\/22\\/1978\",\"Dana Sepe\",false],[1412985543,\"01\\/25\\/1977\",\"Anil Suryaprasad\",false],[1421388375,\"02\\/14\\/1978\",\"Mike Mangino\",false],[1421807867,{},\"Paul Branham\",false],[1423560682,\"12\\/21\\/1977\",\"Anoop Ghuman\",false],[1424136322,\"09\\/13\\/1978\",\"Marcie Meinhart Hatfield\",false],[1424722614,\"11\\/01\",\"Jenny 'Kramer' Trimmer\",false],[1426433221,{},\"Jeff Dale\",false],[1436748645,\"10\\/08\",\"Katy 'Fitzpatrick' Branham\",false],[1446556549,\"09\\/27\\/1977\",\"Joshua Wagner\",false],[1454829723,\"05\\/21\\/1968\",\"Stuart Dabbs Halloway\",false],[1460618065,\"11\\/18\",\"J.C. Wilson\",false],[1469174596,{},\"Budi Wiyono\",true],[1470636569,\"02\\/20\",\"Kelly Rarick Cleveland\",false],[1508291233,\"11\\/11\\/1976\",\"Matt Norris\",false],[1509030176,\"07\\/09\\/1975\",\"Chris Merritt\",false],[1514328998,\"06\\/13\",\"Jennifer Mayzer Siddell\",false],[1528134476,\"06\\/10\\/1980\",\"Lius Amstrong\",false],[1531509400,\"04\\/06\\/1980\",\"Christina Penton-Weaver\",false],[1533068333,\"12\\/28\",\"Leigh Ann Fierro\",false],[1546034080,{},\"Alexis Teplick\",false],[1546898972,\"05\\/15\\/1978\",\"Kara Gill Kent\",false],[1551523968,\"10\\/20\\/1963\",\"Christopher Miller\",false],[1574600933,\"01\\/07\\/1962\",\"Bob Spicer\",false],[1594009973,\"02\\/23\\/1966\",\"George Haberberger\",false],[1599172573,{},\"Adriane Schwartz Emerson\",false],[1600600857,\"04\\/04\\/1948\",\"Lynn Mangino\",false],[1610921649,\"05\\/11\\/1958\",\"Phillp Louden\",false],[1650667295,{},{},false],[1660637182,\"01\\/11\",\"Mary Anne Standafer Ahn\",false],[1724329278,\"09\\/03\\/1977\",\"James McKelvey\",false],[1745659382,\"01\\/14\\/1978\",\"Katie Knies Bernal\",false],[1754422639,\"11\\/27\\/1978\",\"Crystal Hibbs\",false],[1800498376,{},\"Greg Pinter\",false],[100000054528325,{},\"BeautySh OpCafe\",false],[100000069333818,{},\"Prashant Sahni\",false],[100000082098855,\"09\\/27\\/1978\",\"Debbie Zimmerman\",false],[100000082203809,\"06\\/30\\/1981\",\"Jennifer Klaus\",false],[100000106796589,{},\"Mike Salazar\",false],[100000134346924,{},\"Tina Bricker Fowler\",false],[100000243381247,\"09\\/26\\/1977\",\"Eric Gervais\",false],[100000264321165,{},\"Rich Leonard\",false],[100000366342959,\"07\\/28\\/1977\",\"Rick Snyder\",false],[100000480615435,\"08\\/09\\/1978\",\"Kipp Nolder\",false]]", "fb_sig_api_key"=>"e34ec276c93b8b443fd15691c57908c5", "fb_sig_time"=>"1263565484.0923", "fb_sig_profile_update_time"=>"1241617926", "fb_sig_user"=>"12451752"}
Rendering network_test/index
Completed in 11ms (View: 9, DB: 0) | 200 OK [http://web1.tunnlr.com/]
Swapping facebooker config: 'e34ec276c93b8b443fd15691c57908c5'


Processing NetworkTestController#index (for 127.0.0.1 at 2010-01-15 09:27:36) [GET]
  Parameters: {"fb_sig_app_id"=>"5812356537", "fb_sig_friends_with_sad_status_2"=>"[[736516833,{\"message\":\"Starting the day off with a headache..not good, not good at all!\",\"time\":1263560599,\"status_id\":278001687462,\"source\":null,\"uid\":null,\"comment_count\":null}],[1424136322,{\"message\":\"is missing my Nana.\",\"time\":1263300699,\"status_id\":245813542303,\"source\":null,\"uid\":null,\"comment_count\":null}],[1574600933,{\"message\":\"$30 and an IMAX 3d headache later I am now officially an Avatard.  Great movie if you like special effects and an extreamly rehashed story line.  I beleive it was a remake of Pocahonis or Pulp fiction (I always get those 2 mixed up.)\",\"time\":1263045969,\"status_id\":421488855222,\"source\":null,\"uid\":null,\"comment_count\":null}]]", "fb_sig_request_method"=>"GET", "fb_sig_locale"=>"en_US", "fb_sig_in_canvas"=>"1", "fb_sig_in_new_facebook"=>"1", "fb_sig_friends_with_sad_status"=>"[[676920231,{\"message\":\"Had a hard time sleeping last night - getting upset over things that should be so trivial.  It's going to be a long day!\",\"time\":1263550546,\"status_id\":290584927003,\"source\":null,\"uid\":null,\"comment_count\":null}],[692474489,{\"message\":\"RT @petethesadpanda: New blog post: OpenIndie chooses Engine Yard Cloud http:\\/\\/bit.ly\\/55oXOv  ... (via @kieranmasterton)\",\"time\":1263429331,\"status_id\":252548827148,\"source\":null,\"uid\":null,\"comment_count\":null}]]", "fb_sig"=>"9a284e11f030a810347eb367fdc2de95", "fb_sig_added"=>"1", "fb_sig_user_data"=>"[[\"Mike\",\"Mike Mangino\",\"04\\/05\\/1978\",\"male\"]]", "fb_sig_expires"=>"1263571200", "fb_sig_session_key"=>"2.l8EJZbRfTviTajESx9_J6g__.3600.1263571200-12451752", "fb_sig_ext_perms"=>"auto_publish_recent_activity", "fb_sig_friends_data"=>"[[714004,\"06\\/30\",\"Roy Russell\",false],[1236115,\"07\\/22\",\"Justin Chen\",false],[1320132,\"12\\/01\",\"Lindsey Bickers Bock\",false],[1505315,\"12\\/30\",\"Jen Ramirez\",false],[1901714,\"02\\/21\\/1982\",\"Michael Niessner\",true],[1947244,\"06\\/29\\/1982\",\"Yan Pritzker\",false],[1950878,\"12\\/09\\/1979\",\"Keith Schacht\",true],[2200981,{},\"Jonathan Ozeran\",false],[2221404,\"06\\/14\\/1977\",\"Chris Blaha\",false],[2420155,{},\"Alan Warms\",false],[2901186,{},\"Marina Niessner\",false],[2904893,{},\"Tori Hanson Press\",false],[5320759,{},\"-Ian Balina\",false],[6101576,{},\"Megan Leitch\",false],[8203100,\"09\\/13\\/1984\",\"Greg Althouse\",false],[8219163,\"05\\/27\",\"Craig Haddow\",false],[8605627,\"03\\/14\\/1984\",\"Ben Weiner\",false],[8605673,{},\"Kelly Korevec\",false],[8842239,\"09\\/13\",\"Shane Vitarana\",false],[9507801,\"03\\/28\\/1988\",\"Kyle Slattery\",false],[9805679,\"05\\/23\\/1983\",\"David Tresner-Kirsch\",false],[10101244,\"06\\/17\",\"Josh Goldberg\",false],[11000582,\"03\\/22\\/1984\",\"Wylie Belasik\",false],[12415699,\"04\\/16\\/1984\",\"Monica Mosure\",false],[12430047,\"08\\/09\\/1982\",\"Jeremy Cervenec\",false],[12447608,\"05\\/09\\/1976\",\"Christopher Kent\",false],[12457362,\"05\\/16\",\"Emily Hixon\",false],[12459071,\"07\\/26\\/1980\",\"Daniel Fox\",false],[13741672,\"09\\/01\",\"Parama Danoesubroto\",false],[14810654,{},\"Ajay Mehta\",false],[20102086,{},\"Jaclyn Truncellito\",false],[20923062,{},\"Billy Giacomelli\",false],[22007799,{},\"Peter Chan\",false],[22012102,{},\"Rania El-Sorrogy\",true],[53100845,\"10\\/27\\/1981\",\"Bridget Savoy\",false],[62301334,\"08\\/02\\/1982\",\"James Frye\",false],[157200364,\"03\\/18\\/1985\",\"Jeremy McAnally\",false],[196604461,\"10\\/12\\/1987\",\"Elliott Garms\",false],[500091955,\"07\\/20\\/1980\",\"Charlie O'Keefe\",false],[500233761,\"09\\/27\",\"Kristen Nicole\",false],[501012646,\"10\\/17\",\"David Newbury\",false],[502985816,{},\"Geoffrey Grosenbach\",false],[503716759,\"01\\/01\\/1970\",\"Brian McConnell\",false],[504226131,{},\"David Kamedulski\",false],[505210294,\"05\\/03\\/1978\",\"Jessica Thompson\",false],[505289634,\"04\\/13\\/1983\",\"Prateek Dayal\",false],[506431092,\"11\\/01\\/1978\",\"Amanda Schwaderer Quinn\",false],[506753749,\"09\\/08\",\"Russell Golowin\",false],[506794518,{},\"Osman Can Ozcanli\",false],[510087648,\"11\\/02\\/1978\",\"Benjamin Martin\",false],[512092122,\"09\\/10\\/1981\",\"Peter Nicholas Vatistas\",false],[514549936,\"06\\/11\\/1982\",\"Joshua McDonald\",false],[515498703,\"10\\/26\",\"Sudha Jamthe\",false],[516700015,\"09\\/09\\/1980\",\"Greg Glasheen\",false],[517329721,\"10\\/13\\/1979\",\"Jarkko Laine\",false],[518295702,\"01\\/29\",\"Megan Wendell\",false],[519090763,{},\"Dan Hontz\",false],[521180570,{},\"Zach Kaplan\",false],[522809201,\"03\\/11\\/1968\",\"Mike Riley\",false],[523551926,{},\"Giles Bowkett\",false],[525647577,{},\"Leon Chism\",false],[531100365,\"05\\/13\\/1976\",\"Todd Pinkerton\",false],[531205233,\"08\\/15\\/1970\",\"Jason Perkins\",false],[531348236,\"07\\/20\",\"Soraya Rofagha\",false],[531428361,{},\"Lee Dryburgh\",false],[531555098,{},\"Surj Patel\",false],[531586166,\"03\\/12\",\"Pari H Schacht\",false],[531685187,{},\"Robin Chase\",false],[533191908,\"01\\/24\\/1975\",\"Amy Papendorf\",false],[533299745,\"05\\/14\\/1980\",\"Nick Ionita\",false],[534239973,\"02\\/07\\/1975\",\"Laris Kreslins\",false],[534619901,{},\"Jaclyn Brickman\",false],[534954841,\"10\\/14\\/1977\",\"Matt Moore\",false],[537281555,{},\"Brandy Farris Ware\",false],[538750748,\"03\\/04\",\"Michael Maximilien\",false],[539250231,\"04\\/17\\/1974\",\"Brian Eng\",false],[539693267,\"12\\/19\\/1983\",\"Jeremy Voorhis\",false],[540360016,\"08\\/28\\/1978\",\"Kristen McCormack Lyons\",false],[548500085,\"02\\/02\\/1978\",\"Shanley Rassler Campbell\",false],[551752244,\"07\\/30\",\"Piyush Gupta\",false],[552743294,\"02\\/01\\/1984\",\"Saurabh Purnaye\",false],[552975300,\"05\\/28\\/1975\",\"Jeremy Howard\",false],[554530649,\"07\\/18\\/1974\",\"Brad Spirrison\",false],[561125870,\"05\\/19\",\"Carrie Middleton Ceresa\",false],[561970351,{},\"Ambrose Nankivell\",false],[563710619,{},\"Alberto Tucci\",true],[564834353,\"10\\/10\",\"Raymond Gao\",false],[566112099,{},\"Mark Bates\",false],[566955936,\"10\\/21\",\"Jessica Anderson\",false],[570052321,{},\"Clark Kneller\",false],[576041945,\"12\\/02\\/1977\",\"Aaron J. Ward\",false],[576951428,\"08\\/01\\/1978\",\"Lauren Schmidt Hissrich\",false],[578129427,\"11\\/18\\/1956\",\"Jim Weirich\",false],[578610521,\"07\\/08\",\"Emily Panek Bice\",false],[579398979,\"02\\/22\\/1977\",\"Josh Prozialeck\",false],[579916874,\"11\\/24\\/1977\",\"Raj Basu\",false],[587412625,\"07\\/02\",\"Matias Paterlini\",false],[591163684,\"04\\/27\",\"Kay Bateman Burke\",false],[591790989,\"04\\/17\\/1974\",\"Jonathan Vaught\",true],[593141693,{},\"Annie Kafoure\",false],[596269347,\"11\\/26\\/1963\",\"David Chelimsky\",false],[597556166,\"12\\/05\",\"Brian Kasper\",false],[602162564,{},\"Katie Graham\",false],[602317055,{},\"Joe Cochran\",false],[604898240,{},\"Geoff Bonvallet\",false],[605506522,\"07\\/15\\/1979\",\"Kara Hammond\",false],[605643681,\"03\\/14\\/1978\",\"Rob Elliott\",false],[608841898,\"07\\/27\\/1977\",\"Jeani Habegger McAleer\",false],[609693958,\"09\\/20\\/1979\",\"Shefali Parikh\",false],[612846152,\"03\\/04\\/1975\",\"Jeff Judge\",false],[615629523,{},\"Sabrina Wagner\",false],[620122945,\"11\\/06\\/1976\",\"Dallas Mahrt\",false],[626087078,\"11\\/11\",\"Sean Hussey\",false],[627421309,{},\"Dave Kinsinger\",false],[628276445,\"02\\/15\\/1985\",\"Karthik Chigurupati\",false],[628290162,\"05\\/01\",\"Ken Pelletier\",false],[628765923,\"10\\/22\\/1978\",\"Sarah W. Kinsinger\",false],[630412950,\"11\\/15\\/1963\",\"George Forde\",false],[636426624,\"10\\/31\\/1976\",\"Stacey Siak\",false],[640769134,\"04\\/02\\/1978\",\"Eric K Idema\",false],[641030541,\"11\\/18\\/1975\",\"Brian McNamara\",false],[641370732,\"02\\/20\\/1970\",\"Matt Moog\",false],[644662928,\"10\\/01\\/1976\",\"Brooke Willmes\",false],[644781920,\"11\\/08\\/1977\",\"Nathan Kontny\",false],[645293385,\"10\\/12\\/1977\",\"Kara Knowles\",false],[650052106,{},\"Joe Iafigliola\",false],[650516592,{},\"Sumithra Jonnalagadda\",false],[651202640,\"09\\/21\\/1959\",\"Sid Zagri\",false],[655656299,\"06\\/06\",\"Wendi Frindell Crisp\",false],[656127126,\"03\\/11\",\"Joel Nylund\",false],[661722822,\"04\\/14\",\"Kristin Ekdahl Daly\",false],[668374011,\"03\\/11\\/1974\",\"Joshua Dritz\",false],[671602728,{},\"Andrew Marr\",false],[671827714,{},\"Quinn Burke\",false],[674447519,{},\"Susannah Davidson Pfalzer\",false],[675531008,\"02\\/29\\/1964\",\"David Mabelle\",false],[676408401,\"09\\/28\\/1964\",\"Jim McFarland\",false],[676920231,\"07\\/30\\/1973\",\"Niccole Amersdorfer\",false],[679597146,\"11\\/11\",\"Paul Collins\",false],[679727054,\"12\\/08\",\"Stephanie Cheadle Hoenie\",false],[681291366,\"03\\/05\\/1946\",\"Mike Mangino\",false],[682046578,\"09\\/14\",\"Sarah DoBroka\",false],[688193640,{},\"Missy Hanna\",false],[692096230,{},\"Carmelyne Thompson\",false],[692474489,{},\"Randall Thomas\",false],[693037031,\"01\\/21\\/1981\",\"Agnes Bateman\",false],[694427021,\"02\\/19\",\"Isao Shoji\",false],[695676196,\"07\\/31\\/1977\",\"Jay Daly\",false],[698856836,\"07\\/18\",\"Audrey Eschright\",false],[699843222,{},\"Mike Mussio\",false],[700056387,\"06\\/05\\/1979\",\"Kim Loeffert\",false],[703266781,\"02\\/27\\/1972\",\"John M. Carlin\",false],[707476860,{},\"Mike Clark\",false],[708100904,\"08\\/24\\/1971\",\"Melanie Dheel\",false],[708753055,\"03\\/03\",\"Kellee Gooden\",false],[710732475,\"08\\/08\",\"Emily Lorton Bourne\",false],[714521846,\"09\\/29\",\"Josh Kieschnick\",false],[715669404,{},\"Kelly Frindell\",false],[716065588,\"07\\/22\\/1969\",\"Sean Tevis\",false],[718976395,\"09\\/01\\/1981\",\"Marcel Molina\",false],[719263455,{},\"Huw Collingbourne\",false],[721234666,\"05\\/05\\/1980\",\"Jason Rohwedder\",false],[721300070,\"11\\/01\\/1977\",\"Marin Domini Sheets\",false],[724146195,\"04\\/04\",\"Sapna Patel Vaghani\",false],[727456551,\"06\\/10\\/1970\",\"Ted Zahner\",false],[728206819,\"10\\/06\\/1979\",\"Doug McCoy\",false],[729061512,{},\"Jason Lee\",false],[736516833,\"06\\/14\\/1978\",\"Andrea Packard Gyurko\",false],[740192698,\"07\\/10\\/1977\",\"Craig Brandenburg\",false],[744961110,\"05\\/11\\/1974\",\"Chad Fowler\",false],[745072761,{},\"Michael Carruth\",false],[745267875,\"05\\/08\",\"Charlene Altan\",false],[746969550,\"07\\/20\\/1966\",\"Glen Gardner\",false],[747739523,\"01\\/29\\/1976\",\"Kristin Wedemeyer\",false],[751604267,\"02\\/02\\/1982\",\"Colin A. Bartlett\",false],[752041272,{},\"Nick Kellet\",false],[752319027,\"08\\/22\\/1978\",\"P.J. Tanzillo\",false],[753725552,\"07\\/20\\/1976\",\"Patrick Jaberg\",false],[754264021,\"11\\/09\\/1978\",\"Athanasios Melisiotis\",false],[762879027,\"08\\/13\\/1981\",\"Randy Schmidt\",false],[763825642,\"11\\/05\\/1973\",\"Chris Redinger\",false],[771274656,\"05\\/24\\/1977\",\"Tracy Peffly Spessert\",false],[772349808,\"07\\/07\\/1978\",\"Mercy Minde\",false],[773169551,\"01\\/21\\/1970\",\"Geoff Dougherty\",false],[773312990,\"04\\/03\\/1968\",\"Chuck Templeton\",false],[778675462,\"03\\/17\\/1975\",\"Matt Endress\",false],[788511623,\"11\\/17\",\"Phillip Thompson\",false],[794230713,\"08\\/04\",\"Karl Busch\",false],[795141561,\"10\\/12\",\"David Li\",false],[797778605,{},\"Andrew Quigley\",false],[809827607,\"06\\/19\\/1978\",\"Tom MacKenzie\",false],[814673555,{},\"Zach Dennis\",false],[815589077,\"09\\/27\\/1971\",\"Turhan Godfrey\",false],[824298241,\"04\\/15\\/1974\",\"Ezra Zygmuntowicz\",false],[829567899,\"02\\/10\\/1975\",\"Dean Radcliffe\",false],[830904376,\"08\\/21\\/1970\",\"David Clements\",false],[853729874,\"07\\/10\\/1978\",\"Erik Binion\",false],[855809293,\"09\\/01\\/1977\",\"Scott Spitzer\",false],[860325303,\"07\\/10\\/1974\",\"Obie Fernandez\",false],[906690413,{},\"Jeremy Young\",false],[1000594672,\"06\\/13\\/1978\",\"Jennifer O'Leary Jones\",false],[1004409881,\"05\\/29\",\"Kim Hoving\",false],[1008537322,\"02\\/28\\/1971\",\"Mindy Chadwick Stobart\",false],[1014847136,{},\"John Photos\",false],[1018227614,\"02\\/07\\/1978\",\"Rebekah Weiss\",false],[1019617102,\"06\\/28\",\"Cathy Bickley Heath\",false],[1021157522,\"08\\/09\\/1978\",\"Lisa Rademacher Farrar\",false],[1024186567,\"11\\/11\",\"Carie Wiese\",false],[1028954631,\"07\\/09\\/1954\",\"Larry Kelley\",false],[1041048275,\"10\\/06\",\"Jennifer Reilly Desireddi\",false],[1042830137,{},\"Heather Linhart Stumpf\",false],[1045310375,{},\"Brian Columbus\",false],[1059001007,\"02\\/25\",\"Rishi Lulla\",false],[1070470767,\"12\\/31\\/1977\",\"Jessie Nemeth Schroeder\",false],[1071826465,\"01\\/27\\/1975\",\"Scott Evans\",false],[1075006777,\"03\\/01\\/1973\",\"Corey Haines\",false],[1078571623,\"04\\/26\",\"Lindsey Belkin Kerby\",false],[1079836206,\"09\\/11\\/1979\",\"Brian Takita\",false],[1083051707,\"12\\/02\\/1978\",\"Patrick Campbell\",false],[1089026744,\"07\\/03\",\"BackOn MyFeet\",false],[1089690140,\"06\\/07\",\"Judy Galvez Tosto\",false],[1090178706,\"02\\/29\",\"Sarah Brennan\",false],[1093953377,\"03\\/10\\/1977\",\"Steven Zelinger\",false],[1096412626,\"10\\/06\\/1977\",\"Mat Shamis\",false],[1097562270,\"07\\/30\\/1972\",\"Jeff Ware\",false],[1100652344,\"10\\/19\\/1950\",\"Brenda Hixon\",false],[1106173248,\"01\\/11\\/1969\",\"Peter Fitzgibbons\",false],[1106763012,\"05\\/31\",\"Mike Yamato\",false],[1115115274,\"02\\/24\",\"Katie Forshey Viskocil\",false],[1116453443,\"04\\/10\\/1959\",\"Martin Mangino\",false],[1125579457,\"02\\/14\\/1978\",\"Leslie Dingeldein\",false],[1125925578,{},\"Matt Cowgill\",false],[1131243382,\"12\\/26\\/1969\",\"Nicholas Gracilla\",false],[1136992012,\"06\\/02\",\"Ben Snyder\",false],[1143349616,\"09\\/25\",\"Ben Ridout\",false],[1144920178,\"10\\/15\\/1978\",\"Doug Foxx\",false],[1152940268,\"06\\/14\\/1975\",\"Lee Schroeder\",false],[1159600773,\"07\\/10\\/1970\",\"Philip G Harris Jr\",false],[1162087390,\"08\\/11\\/1978\",\"Taryn Summerfield\",false],[1162653173,\"08\\/29\\/1977\",\"Kerri Kaderly\",false],[1167649581,\"11\\/19\",\"Kim Howard\",false],[1192117135,\"06\\/07\\/1977\",\"Emily Lipsitz\",false],[1208144464,\"08\\/29\\/1980\",\"Beth Hisem Jacobs\",false],[1215200584,\"05\\/06\\/1955\",\"Dave Weaner\",false],[1220594020,\"07\\/07\",\"Nicole Abrunzo\",false],[1221270895,\"10\\/15\\/1976\",\"Jennifer Cook McMahon\",false],[1230542154,\"01\\/07\",\"Yudi Soesanto\",false],[1232886069,\"03\\/02\",\"Glenda Price Warner\",false],[1240743302,\"08\\/03\",\"Charles W. Jackson II\",false],[1246803000,\"01\\/18\\/1981\",\"Mitch Thompson\",false],[1250947664,\"07\\/22\",\"Jessica Henry\",false],[1257264846,{},\"Micah Messenheimer\",false],[1260444712,\"02\\/14\",\"Goli Mostoufi-Moab\",false],[1268344480,{},\"Braz Ford\",false],[1275579143,{},\"Julia Fuzak\",false],[1284184185,\"06\\/20\",\"Mark Romz\",false],[1310793354,\"08\\/08\\/1978\",\"Kendra Marino\",false],[1310911890,\"10\\/19\",\"Beverly Ware\",false],[1312581090,\"06\\/02\\/1978\",\"Aaron Whittington\",false],[1316978913,\"11\\/04\",\"Ricardo Caspirro\",false],[1317636778,\"01\\/13\\/1972\",\"Sara Mangino\",false],[1324509427,{},\"Christine M. Hurley\",false],[1326711372,{},\"Mike NeverAdd\",false],[1329042454,\"05\\/02\\/1978\",\"Craig Kent\",false],[1337158766,\"05\\/07\\/1977\",\"Rob Rishel\",false],[1349851156,\"04\\/06\\/1982\",\"Allan Miguel\",false],[1357688090,\"10\\/24\",\"Lisa Yonka Stevens\",false],[1361744521,\"02\\/18\\/1972\",\"Justin Gehtland\",false],[1385521447,{},\"Mike Dingeldein\",false],[1388050013,{},\"Oronde Yero\",false],[1398840546,\"07\\/22\\/1978\",\"Dana Sepe\",false],[1412985543,\"01\\/25\\/1977\",\"Anil Suryaprasad\",false],[1421388375,\"02\\/14\\/1978\",\"Mike Mangino\",false],[1421807867,{},\"Paul Branham\",false],[1423560682,\"12\\/21\\/1977\",\"Anoop Ghuman\",false],[1424136322,\"09\\/13\\/1978\",\"Marcie Meinhart Hatfield\",false],[1424722614,\"11\\/01\",\"Jenny 'Kramer' Trimmer\",false],[1426433221,{},\"Jeff Dale\",false],[1436748645,\"10\\/08\",\"Katy 'Fitzpatrick' Branham\",false],[1446556549,\"09\\/27\\/1977\",\"Joshua Wagner\",false],[1454829723,\"05\\/21\\/1968\",\"Stuart Dabbs Halloway\",false],[1460618065,\"11\\/18\",\"J.C. Wilson\",false],[1469174596,{},\"Budi Wiyono\",true],[1470636569,\"02\\/20\",\"Kelly Rarick Cleveland\",false],[1508291233,\"11\\/11\\/1976\",\"Matt Norris\",false],[1509030176,\"07\\/09\\/1975\",\"Chris Merritt\",false],[1514328998,\"06\\/13\",\"Jennifer Mayzer Siddell\",false],[1528134476,\"06\\/10\\/1980\",\"Lius Amstrong\",false],[1531509400,\"04\\/06\\/1980\",\"Christina Penton-Weaver\",false],[1533068333,\"12\\/28\",\"Leigh Ann Fierro\",false],[1546034080,{},\"Alexis Teplick\",false],[1546898972,\"05\\/15\\/1978\",\"Kara Gill Kent\",false],[1551523968,\"10\\/20\\/1963\",\"Christopher Miller\",false],[1574600933,\"01\\/07\\/1962\",\"Bob Spicer\",false],[1594009973,\"02\\/23\\/1966\",\"George Haberberger\",false],[1599172573,{},\"Adriane Schwartz Emerson\",false],[1600600857,\"04\\/04\\/1948\",\"Lynn Mangino\",false],[1610921649,\"05\\/11\\/1958\",\"Phillp Louden\",false],[1650667295,{},\"Craig Noce\",false],[1660637182,\"01\\/11\",\"Mary Anne Standafer Ahn\",false],[1724329278,\"09\\/03\\/1977\",\"James McKelvey\",false],[1745659382,\"01\\/14\\/1978\",\"Katie Knies Bernal\",false],[1754422639,\"11\\/27\\/1978\",\"Crystal Hibbs\",false],[1800498376,{},\"Greg Pinter\",false],[100000054528325,{},\"BeautySh OpCafe\",false],[100000069333818,{},\"Prashant Sahni\",false],[100000082098855,\"09\\/27\\/1978\",\"Debbie Zimmerman\",false],[100000082203809,\"06\\/30\\/1981\",\"Jennifer Klaus\",false],[100000106796589,{},\"Mike Salazar\",false],[100000134346924,{},\"Tina Bricker Fowler\",false],[100000243381247,\"09\\/26\\/1977\",\"Eric Gervais\",false],[100000264321165,{},\"Rich Leonard\",false],[100000366342959,\"07\\/28\\/1977\",\"Rick Snyder\",false],[100000480615435,\"08\\/09\\/1978\",\"Kipp Nolder\",false]]", "fb_sig_api_key"=>"e34ec276c93b8b443fd15691c57908c5", "fb_sig_time"=>"1263565656.1592", "fb_sig_profile_update_time"=>"1241617926", "fb_sig_user"=>"12451752"}
Rendering network_test/index
Completed in 11ms (View: 9, DB: 0) | 200 OK [http://web1.tunnlr.com/]
